#
# There is insufficient memory for the Java Runtime Environment to continue.
# Native memory allocation (malloc) failed to allocate 144703488 bytes for committing reserved memory.
# Possible reasons:
#   The system is out of physical RAM or swap space
#   In 32 bit mode, the process size limit was hit
# Possible solutions:
#   Reduce memory load on the system
#   Increase physical memory or swap space
#   Check if swap backing store is full
#   Use 64 bit Java on a 64 bit OS
#   Decrease Java heap size (-Xmx/-Xms)
#   Decrease number of Java threads
#   Decrease Java thread stack sizes (-Xss)
#   Set larger code cache with -XX:ReservedCodeCacheSize=
# This output file may be truncated or incomplete.
#
#  Out of Memory Error (os_linux.cpp:2756), pid=31474, tid=140426966361856
#
# JRE version: Java(TM) SE Runtime Environment (7.0_72-b14) (build 1.7.0_72-b14)
# Java VM: Java HotSpot(TM) 64-Bit Server VM (24.72-b04 mixed mode linux-amd64 compressed oops)
# Failed to write core dump. Core dumps have been disabled. To enable core dumping, try "ulimit -c unlimited" before starting Java again
#

---------------  T H R E A D  ---------------

Current thread (0x00007fb7dc072000):  VMThread [stack: 0x00007fb7b3626000,0x00007fb7b3727000] [id=31490]

Stack: [0x00007fb7b3626000,0x00007fb7b3727000],  sp=0x00007fb7b3725240,  free space=1020k
Native frames: (J=compiled Java code, j=interpreted, Vv=VM code, C=native code)
V  [libjvm.so+0x9a10fa]  VMError::report_and_die()+0x2ea
V  [libjvm.so+0x49755b]  report_vm_out_of_memory(char const*, int, unsigned long, char const*)+0x9b
V  [libjvm.so+0x81ec4e]  os::Linux::commit_memory_impl(char*, unsigned long, bool)+0xfe
V  [libjvm.so+0x81f199]  os::pd_commit_memory(char*, unsigned long, unsigned long, bool)+0x29
V  [libjvm.so+0x818f2a]  os::commit_memory(char*, unsigned long, unsigned long, bool)+0x2a
V  [libjvm.so+0x88ba53]  PSVirtualSpace::expand_by(unsigned long)+0x53
V  [libjvm.so+0x88ce28]  PSYoungGen::resize_generation(unsigned long, unsigned long)+0xf8
V  [libjvm.so+0x88bf92]  PSYoungGen::resize(unsigned long, unsigned long)+0x22
V  [libjvm.so+0x8893e3]  PSScavenge::invoke_no_policy()+0xfb3
V  [libjvm.so+0x889b91]  PSScavenge::invoke()+0x41
V  [libjvm.so+0x8407c0]  ParallelScavengeHeap::failed_mem_allocate(unsigned long)+0x70
V  [libjvm.so+0x9a2987]  VM_ParallelGCFailedAllocation::doit()+0x97
V  [libjvm.so+0x9a9e25]  VM_Operation::evaluate()+0x55
V  [libjvm.so+0x9a81ea]  VMThread::evaluate_operation(VM_Operation*)+0xba
V  [libjvm.so+0x9a856e]  VMThread::loop()+0x1ce
V  [libjvm.so+0x9a89e0]  VMThread::run()+0x70
V  [libjvm.so+0x820c28]  java_start(Thread*)+0x108

VM_Operation (0x00007fb7e478c740): ParallelGCFailedAllocation, mode: safepoint, requested by thread 0x00007fb7dc00a000


---------------  P R O C E S S  ---------------

Java Threads: ( => current thread )
  0x00007fb7dcada800 JavaThread "File lock request listener" [_thread_in_native, id=31521, stack(0x00007fb7b1006000,0x00007fb7b1107000)]
  0x00007fb7dc880000 JavaThread "process reaper" daemon [_thread_blocked, id=31520, stack(0x00007fb7b1107000,0x00007fb7b1140000)]
  0x00007fb7dc0a2800 JavaThread "Service Thread" daemon [_thread_blocked, id=31496, stack(0x00007fb7b2ab7000,0x00007fb7b2bb8000)]
  0x00007fb7dc0a0000 JavaThread "C2 CompilerThread1" daemon [_thread_in_native, id=31495, stack(0x00007fb7b2bb8000,0x00007fb7b2cb9000)]
  0x00007fb7dc09d000 JavaThread "C2 CompilerThread0" daemon [_thread_in_native, id=31494, stack(0x00007fb7b2cb9000,0x00007fb7b2dba000)]
  0x00007fb7dc09b000 JavaThread "Signal Dispatcher" daemon [_thread_blocked, id=31493, stack(0x00007fb7b2dba000,0x00007fb7b2ebb000)]
  0x00007fb7dc078800 JavaThread "Finalizer" daemon [_thread_blocked, id=31492, stack(0x00007fb7b3424000,0x00007fb7b3525000)]
  0x00007fb7dc076800 JavaThread "Reference Handler" daemon [_thread_blocked, id=31491, stack(0x00007fb7b3525000,0x00007fb7b3626000)]
  0x00007fb7dc00a000 JavaThread "main" [_thread_blocked, id=31481, stack(0x00007fb7e4691000,0x00007fb7e4792000)]

Other Threads:
=>0x00007fb7dc072000 VMThread [stack: 0x00007fb7b3626000,0x00007fb7b3727000] [id=31490]
  0x00007fb7dc0ad000 WatcherThread [stack: 0x00007fb7b29b6000,0x00007fb7b2ab7000] [id=31497]

VM state:at safepoint (normal execution)

VM Mutex/Monitor currently owned by a thread:  ([mutex/lock_event])
[0x00007fb7dc006100] Threads_lock - owner thread: 0x00007fb7dc072000
[0x00007fb7dc006600] Heap_lock - owner thread: 0x00007fb7dc00a000

Heap
 PSYoungGen      total 139776K, used 15349K [0x00000000d7280000, 0x00000000e0c80000, 0x0000000100000000)
  eden space 124416K, 0% used [0x00000000d7280000,0x00000000d7280000,0x00000000dec00000)
  from space 15360K, 99% used [0x00000000dec00000,0x00000000dfafd6b0,0x00000000dfb00000)
  to   space 12800K, 0% used [0x00000000dfb00000,0x00000000dfb00000,0x00000000e0780000)
 ParOldGen       total 83456K, used 27788K [0x0000000085800000, 0x000000008a980000, 0x00000000d7280000)
  object space 83456K, 33% used [0x0000000085800000,0x0000000087323248,0x000000008a980000)
 PSPermGen       total 30720K, used 30623K [0x0000000080600000, 0x0000000082400000, 0x0000000085800000)
  object space 30720K, 99% used [0x0000000080600000,0x00000000823e7c70,0x0000000082400000)

Card table byte_map: [0x00007fb7e158b000,0x00007fb7e1989000] byte_map_base: 0x00007fb7e1188000

Polling page: 0x00007fb7e47bc000

Code Cache  [0x00007fb7d9000000, 0x00007fb7d92c0000, 0x00007fb7dc000000)
 total_blobs=954 nmethods=380 adapters=527 free_code_cache=46410Kb largest_free_block=47453312

Compilation events (10 events):
Event: 6,447 Thread 0x00007fb7dc0a0000 nmethod 392 0x00007fb7d92a6990 code [0x00007fb7d92a7700, 0x00007fb7d92af270]
Event: 6,447 Thread 0x00007fb7dc0a0000  393             java.lang.ref.WeakReference::<init> (6 bytes)
Event: 6,448 Thread 0x00007fb7dc0a0000 nmethod 393 0x00007fb7d91ce2d0 code [0x00007fb7d91ce400, 0x00007fb7d91ce4b8]
Event: 6,448 Thread 0x00007fb7dc0a0000  394             groovy.lang.MetaClassImpl::findPropertyMethod (356 bytes)
Event: 6,470 Thread 0x00007fb7dc0a0000 nmethod 394 0x00007fb7d90a9410 code [0x00007fb7d90a96e0, 0x00007fb7d90aa7e0]
Event: 6,470 Thread 0x00007fb7dc0a0000  395             groovy.lang.MetaClassImpl::addMetaMethodToIndex (65 bytes)
Event: 6,479 Thread 0x00007fb7dc0a0000 nmethod 395 0x00007fb7d928d950 code [0x00007fb7d928dbc0, 0x00007fb7d928e760]
Event: 6,479 Thread 0x00007fb7dc0a0000  396             groovy.lang.MetaClassImpl::checkIfStdMethod (179 bytes)
Event: 6,485 Thread 0x00007fb7dc0a0000 nmethod 396 0x00007fb7d928c690 code [0x00007fb7d928c8c0, 0x00007fb7d928d270]
Event: 6,485 Thread 0x00007fb7dc0a0000  397   !         com.sun.beans.TypeResolver::resolve (274 bytes)

GC Heap History (10 events):
Event: 1,896 GC heap after
Heap after GC invocations=2 (full 0):
 PSYoungGen      total 36864K, used 4751K [0x00000000d7280000, 0x00000000dba80000, 0x0000000100000000)
  eden space 31744K, 0% used [0x00000000d7280000,0x00000000d7280000,0x00000000d9180000)
  from space 5120K, 92% used [0x00000000d9680000,0x00000000d9b23d18,0x00000000d9b80000)
  to   space 5120K, 0% used [0x00000000d9180000,0x00000000d9180000,0x00000000d9680000)
 ParOldGen       total 83456K, used 113K [0x0000000085800000, 0x000000008a980000, 0x00000000d7280000)
  object space 83456K, 0% used [0x0000000085800000,0x000000008581c4c8,0x000000008a980000)
 PSPermGen       total 21504K, used 9624K [0x0000000080600000, 0x0000000081b00000, 0x0000000085800000)
  object space 21504K, 44% used [0x0000000080600000,0x0000000080f66308,0x0000000081b00000)
}
Event: 2,423 GC heap before
{Heap before GC invocations=3 (full 0):
 PSYoungGen      total 36864K, used 36495K [0x00000000d7280000, 0x00000000dba80000, 0x0000000100000000)
  eden space 31744K, 100% used [0x00000000d7280000,0x00000000d9180000,0x00000000d9180000)
  from space 5120K, 92% used [0x00000000d9680000,0x00000000d9b23d18,0x00000000d9b80000)
  to   space 5120K, 0% used [0x00000000d9180000,0x00000000d9180000,0x00000000d9680000)
 ParOldGen       total 83456K, used 113K [0x0000000085800000, 0x000000008a980000, 0x00000000d7280000)
  object space 83456K, 0% used [0x0000000085800000,0x000000008581c4c8,0x000000008a980000)
 PSPermGen       total 21504K, used 14523K [0x0000000080600000, 0x0000000081b00000, 0x0000000085800000)
  object space 21504K, 67% used [0x0000000080600000,0x000000008142ed00,0x0000000081b00000)
Event: 2,430 GC heap after
Heap after GC invocations=3 (full 0):
 PSYoungGen      total 36864K, used 5094K [0x00000000d7280000, 0x00000000dba80000, 0x0000000100000000)
  eden space 31744K, 0% used [0x00000000d7280000,0x00000000d7280000,0x00000000d9180000)
  from space 5120K, 99% used [0x00000000d9180000,0x00000000d9679a10,0x00000000d9680000)
  to   space 5120K, 0% used [0x00000000db580000,0x00000000db580000,0x00000000dba80000)
 ParOldGen       total 83456K, used 2477K [0x0000000085800000, 0x000000008a980000, 0x00000000d7280000)
  object space 83456K, 2% used [0x0000000085800000,0x0000000085a6b440,0x000000008a980000)
 PSPermGen       total 21504K, used 14523K [0x0000000080600000, 0x0000000081b00000, 0x0000000085800000)
  object space 21504K, 67% used [0x0000000080600000,0x000000008142ed00,0x0000000081b00000)
}
Event: 2,877 GC heap before
{Heap before GC invocations=4 (full 0):
 PSYoungGen      total 36864K, used 36838K [0x00000000d7280000, 0x00000000dba80000, 0x0000000100000000)
  eden space 31744K, 100% used [0x00000000d7280000,0x00000000d9180000,0x00000000d9180000)
  from space 5120K, 99% used [0x00000000d9180000,0x00000000d9679a10,0x00000000d9680000)
  to   space 5120K, 0% used [0x00000000db580000,0x00000000db580000,0x00000000dba80000)
 ParOldGen       total 83456K, used 2477K [0x0000000085800000, 0x000000008a980000, 0x00000000d7280000)
  object space 83456K, 2% used [0x0000000085800000,0x0000000085a6b440,0x000000008a980000)
 PSPermGen       total 21504K, used 17299K [0x0000000080600000, 0x0000000081b00000, 0x0000000085800000)
  object space 21504K, 80% used [0x0000000080600000,0x00000000816e4d38,0x0000000081b00000)
Event: 2,888 GC heap after
Heap after GC invocations=4 (full 0):
 PSYoungGen      total 68608K, used 5104K [0x00000000d7280000, 0x00000000dba80000, 0x0000000100000000)
  eden space 63488K, 0% used [0x00000000d7280000,0x00000000d7280000,0x00000000db080000)
  from space 5120K, 99% used [0x00000000db580000,0x00000000dba7c010,0x00000000dba80000)
  to   space 5120K, 0% used [0x00000000db080000,0x00000000db080000,0x00000000db580000)
 ParOldGen       total 83456K, used 5435K [0x0000000085800000, 0x000000008a980000, 0x00000000d7280000)
  object space 83456K, 6% used [0x0000000085800000,0x0000000085d4ecd8,0x000000008a980000)
 PSPermGen       total 21504K, used 17299K [0x0000000080600000, 0x0000000081b00000, 0x0000000085800000)
  object space 21504K, 80% used [0x0000000080600000,0x00000000816e4d38,0x0000000081b00000)
}
Event: 3,623 GC heap before
{Heap before GC invocations=5 (full 0):
 PSYoungGen      total 68608K, used 68592K [0x00000000d7280000, 0x00000000dba80000, 0x0000000100000000)
  eden space 63488K, 100% used [0x00000000d7280000,0x00000000db080000,0x00000000db080000)
  from space 5120K, 99% used [0x00000000db580000,0x00000000dba7c010,0x00000000dba80000)
  to   space 5120K, 0% used [0x00000000db080000,0x00000000db080000,0x00000000db580000)
 ParOldGen       total 83456K, used 5435K [0x0000000085800000, 0x000000008a980000, 0x00000000d7280000)
  object space 83456K, 6% used [0x0000000085800000,0x0000000085d4ecd8,0x000000008a980000)
 PSPermGen       total 22528K, used 22379K [0x0000000080600000, 0x0000000081c00000, 0x0000000085800000)
  object space 22528K, 99% used [0x0000000080600000,0x0000000081bdac50,0x0000000081c00000)
Event: 3,633 GC heap after
Heap after GC invocations=5 (full 0):
 PSYoungGen      total 68608K, used 5088K [0x00000000d7280000, 0x00000000e0780000, 0x0000000100000000)
  eden space 63488K, 0% used [0x00000000d7280000,0x00000000d7280000,0x00000000db080000)
  from space 5120K, 99% used [0x00000000db080000,0x00000000db578020,0x00000000db580000)
  to   space 12800K, 0% used [0x00000000dfb00000,0x00000000dfb00000,0x00000000e0780000)
 ParOldGen       total 83456K, used 12357K [0x0000000085800000, 0x000000008a980000, 0x00000000d7280000)
  object space 83456K, 14% used [0x0000000085800000,0x0000000086411630,0x000000008a980000)
 PSPermGen       total 22528K, used 22379K [0x0000000080600000, 0x0000000081c00000, 0x0000000085800000)
  object space 22528K, 99% used [0x0000000080600000,0x0000000081bdac50,0x0000000081c00000)
}
Event: 4,551 GC heap before
{Heap before GC invocations=6 (full 0):
 PSYoungGen      total 68608K, used 68576K [0x00000000d7280000, 0x00000000e0780000, 0x0000000100000000)
  eden space 63488K, 100% used [0x00000000d7280000,0x00000000db080000,0x00000000db080000)
  from space 5120K, 99% used [0x00000000db080000,0x00000000db578020,0x00000000db580000)
  to   space 12800K, 0% used [0x00000000dfb00000,0x00000000dfb00000,0x00000000e0780000)
 ParOldGen       total 83456K, used 12357K [0x0000000085800000, 0x000000008a980000, 0x00000000d7280000)
  object space 83456K, 14% used [0x0000000085800000,0x0000000086411630,0x000000008a980000)
 PSPermGen       total 25600K, used 25576K [0x0000000080600000, 0x0000000081f00000, 0x0000000085800000)
  object space 25600K, 99% used [0x0000000080600000,0x0000000081efa288,0x0000000081f00000)
Event: 4,599 GC heap after
Heap after GC invocations=6 (full 0):
 PSYoungGen      total 137216K, used 12789K [0x00000000d7280000, 0x00000000e0c80000, 0x0000000100000000)
  eden space 124416K, 0% used [0x00000000d7280000,0x00000000d7280000,0x00000000dec00000)
  from space 12800K, 99% used [0x00000000dfb00000,0x00000000e077d4d8,0x00000000e0780000)
  to   space 15360K, 0% used [0x00000000dec00000,0x00000000dec00000,0x00000000dfb00000)
 ParOldGen       total 83456K, used 13329K [0x0000000085800000, 0x000000008a980000, 0x00000000d7280000)
  object space 83456K, 15% used [0x0000000085800000,0x00000000865047e0,0x000000008a980000)
 PSPermGen       total 25600K, used 25576K [0x0000000080600000, 0x0000000081f00000, 0x0000000085800000)
  object space 25600K, 99% used [0x0000000080600000,0x0000000081efa288,0x0000000081f00000)
}
Event: 6,742 GC heap before
{Heap before GC invocations=7 (full 0):
 PSYoungGen      total 137216K, used 137205K [0x00000000d7280000, 0x00000000e0c80000, 0x0000000100000000)
  eden space 124416K, 100% used [0x00000000d7280000,0x00000000dec00000,0x00000000dec00000)
  from space 12800K, 99% used [0x00000000dfb00000,0x00000000e077d4d8,0x00000000e0780000)
  to   space 15360K, 0% used [0x00000000dec00000,0x00000000dec00000,0x00000000dfb00000)
 ParOldGen       total 83456K, used 13329K [0x0000000085800000, 0x000000008a980000, 0x00000000d7280000)
  object space 83456K, 15% used [0x0000000085800000,0x00000000865047e0,0x000000008a980000)
 PSPermGen       total 30720K, used 30623K [0x0000000080600000, 0x0000000082400000, 0x0000000085800000)
  object space 30720K, 99% used [0x0000000080600000,0x00000000823e7c70,0x0000000082400000)

Deoptimization events (10 events):
Event: 5,551 Thread 0x00007fb7dc00a000 Uncommon trap: reason=array_check action=maybe_recompile pc=0x00007fb7d926fcfc method=java.util.ComparableTimSort.binarySort([Ljava/lang/Object;III)V @ 215
Event: 5,557 Thread 0x00007fb7dc00a000 Uncommon trap: reason=array_check action=maybe_recompile pc=0x00007fb7d926fdb4 method=java.util.ComparableTimSort.binarySort([Ljava/lang/Object;III)V @ 193
Event: 5,568 Thread 0x00007fb7dc00a000 Uncommon trap: reason=array_check action=maybe_recompile pc=0x00007fb7d926fcfc method=java.util.ComparableTimSort.binarySort([Ljava/lang/Object;III)V @ 215
Event: 5,569 Thread 0x00007fb7dc00a000 Uncommon trap: reason=array_check action=maybe_recompile pc=0x00007fb7d926fcfc method=java.util.ComparableTimSort.binarySort([Ljava/lang/Object;III)V @ 215
Event: 5,583 Thread 0x00007fb7dc00a000 Uncommon trap: reason=null_check action=make_not_entrant pc=0x00007fb7d91cf0cc method=com.sun.beans.WeakCache.get(Ljava/lang/Object;)Ljava/lang/Object; @ 10
Event: 6,042 Thread 0x00007fb7dc00a000 Uncommon trap: reason=null_check action=make_not_entrant pc=0x00007fb7d9296fc0 method=com.sun.beans.WeakCache.get(Ljava/lang/Object;)Ljava/lang/Object; @ 10
Event: 6,445 Thread 0x00007fb7dc00a000 Uncommon trap: reason=bimorphic action=maybe_recompile pc=0x00007fb7d9222cb8 method=java.util.regex.Pattern$Branch.match(Ljava/util/regex/Matcher;ILjava/lang/CharSequence;)Z @ 32
Event: 6,445 Thread 0x00007fb7dc00a000 Uncommon trap: reason=bimorphic action=maybe_recompile pc=0x00007fb7d9222cb8 method=java.util.regex.Pattern$Branch.match(Ljava/util/regex/Matcher;ILjava/lang/CharSequence;)Z @ 32
Event: 6,445 Thread 0x00007fb7dc00a000 Uncommon trap: reason=bimorphic action=maybe_recompile pc=0x00007fb7d9222cb8 method=java.util.regex.Pattern$Branch.match(Ljava/util/regex/Matcher;ILjava/lang/CharSequence;)Z @ 32
Event: 6,659 Thread 0x00007fb7dc00a000 Uncommon trap: reason=unreached action=reinterpret pc=0x00007fb7d9256f74 method=java.lang.Class.arrayContentsEq([Ljava/lang/Object;[Ljava/lang/Object;)Z @ 1

Internal exceptions (10 events):
Event: 6,740 Thread 0x00007fb7dc00a000 Threw 0x00000000debecd28 at /HUDSON/workspace/7u-2-build-linux-amd64/jdk7u72/1606/hotspot/src/share/vm/prims/jvm.cpp:1281
Event: 6,740 Thread 0x00007fb7dc00a000 Threw 0x00000000debed738 at /HUDSON/workspace/7u-2-build-linux-amd64/jdk7u72/1606/hotspot/src/share/vm/prims/jvm.cpp:1281
Event: 6,741 Thread 0x00007fb7dc00a000 Threw 0x00000000debf1768 at /HUDSON/workspace/7u-2-build-linux-amd64/jdk7u72/1606/hotspot/src/share/vm/prims/jvm.cpp:1281
Event: 6,741 Thread 0x00007fb7dc00a000 Threw 0x00000000debf2148 at /HUDSON/workspace/7u-2-build-linux-amd64/jdk7u72/1606/hotspot/src/share/vm/prims/jvm.cpp:1281
Event: 6,741 Thread 0x00007fb7dc00a000 Threw 0x00000000debf6108 at /HUDSON/workspace/7u-2-build-linux-amd64/jdk7u72/1606/hotspot/src/share/vm/prims/jvm.cpp:1281
Event: 6,741 Thread 0x00007fb7dc00a000 Threw 0x00000000debf6b00 at /HUDSON/workspace/7u-2-build-linux-amd64/jdk7u72/1606/hotspot/src/share/vm/prims/jvm.cpp:1281
Event: 6,741 Thread 0x00007fb7dc00a000 Threw 0x00000000debfa4b0 at /HUDSON/workspace/7u-2-build-linux-amd64/jdk7u72/1606/hotspot/src/share/vm/prims/jvm.cpp:1281
Event: 6,741 Thread 0x00007fb7dc00a000 Threw 0x00000000debfad38 at /HUDSON/workspace/7u-2-build-linux-amd64/jdk7u72/1606/hotspot/src/share/vm/prims/jvm.cpp:1281
Event: 6,742 Thread 0x00007fb7dc00a000 Threw 0x00000000debfe400 at /HUDSON/workspace/7u-2-build-linux-amd64/jdk7u72/1606/hotspot/src/share/vm/prims/jvm.cpp:1281
Event: 6,742 Thread 0x00007fb7dc00a000 Threw 0x00000000debfec48 at /HUDSON/workspace/7u-2-build-linux-amd64/jdk7u72/1606/hotspot/src/share/vm/prims/jvm.cpp:1281

Events (10 events):
Event: 6,740 loading class 0x00007fb7dcfa0db0 done
Event: 6,741 loading class 0x00007fb7dd027e80
Event: 6,741 loading class 0x00007fb7dd027e80 done
Event: 6,741 loading class 0x00007fb7dd02d2a0
Event: 6,741 loading class 0x00007fb7dd02d2a0 done
Event: 6,741 loading class 0x00007fb7dc97c330
Event: 6,741 loading class 0x00007fb7dc97c330 done
Event: 6,742 loading class 0x00007fb7dc97c2f0
Event: 6,742 loading class 0x00007fb7dc97c2f0 done
Event: 6,742 Executing VM operation: ParallelGCFailedAllocation


Dynamic libraries:
00400000-00401000 r-xp 00000000 00:11 4931260                            /usr/lib/jvm/java-7-oracle/bin/java
00600000-00601000 rw-p 00000000 00:11 4931260                            /usr/lib/jvm/java-7-oracle/bin/java
02188000-021a9000 rw-p 00000000 00:00 0                                  [heap]
80600000-82400000 rw-p 00000000 00:00 0 
82400000-85800000 rw-p 00000000 00:00 0 
85800000-8a980000 rw-p 00000000 00:00 0 
8a980000-d7280000 rw-p 00000000 00:00 0 
d7280000-e0c80000 rw-p 00000000 00:00 0 
e9680000-100000000 rw-p 00000000 00:00 0 
7fb784000000-7fb784021000 rw-p 00000000 00:00 0 
7fb784021000-7fb788000000 ---p 00000000 00:00 0 
7fb78c000000-7fb78c021000 rw-p 00000000 00:00 0 
7fb78c021000-7fb790000000 ---p 00000000 00:00 0 
7fb790000000-7fb790021000 rw-p 00000000 00:00 0 
7fb790021000-7fb794000000 ---p 00000000 00:00 0 
7fb794000000-7fb795029000 rw-p 00000000 00:00 0 
7fb795029000-7fb798000000 ---p 00000000 00:00 0 
7fb798000000-7fb798021000 rw-p 00000000 00:00 0 
7fb798021000-7fb79c000000 ---p 00000000 00:00 0 
7fb79c000000-7fb79c021000 rw-p 00000000 00:00 0 
7fb79c021000-7fb7a0000000 ---p 00000000 00:00 0 
7fb7a0000000-7fb7a12a1000 rw-p 00000000 00:00 0 
7fb7a12a1000-7fb7a4000000 ---p 00000000 00:00 0 
7fb7a4000000-7fb7a4021000 rw-p 00000000 00:00 0 
7fb7a4021000-7fb7a8000000 ---p 00000000 00:00 0 
7fb7a8000000-7fb7a8021000 rw-p 00000000 00:00 0 
7fb7a8021000-7fb7ac000000 ---p 00000000 00:00 0 
7fb7ac000000-7fb7ac255000 rw-p 00000000 00:00 0 
7fb7ac255000-7fb7b0000000 ---p 00000000 00:00 0 
7fb7b0f09000-7fb7b0f0a000 rw-p 00000000 00:00 0 
7fb7b0f0a000-7fb7b0f0c000 r--s 0000d000 00:27 767446                     /home/xander/.gradle/caches/modules-2/files-2.1/commons-codec/commons-codec/1.4/4216af16d38465bbab0f3dff8efa14204f7a399a/commons-codec-1.4.jar
7fb7b0f0c000-7fb7b0f0e000 r--s 0000d000 00:27 767439                     /home/xander/.gradle/caches/modules-2/files-2.1/commons-logging/commons-logging/1.1.1/5043bfebc3db072ed80fbd362e7caf00e885d8ae/commons-logging-1.1.1.jar
7fb7b0f0e000-7fb7b0f13000 r--s 00028000 00:27 767377                     /home/xander/.gradle/caches/modules-2/files-2.1/org.apache.httpcomponents/httpcore/4.1/33fc26c02f8043ab0ede19eadc8c9885386b255c/httpcore-4.1.jar
7fb7b0f13000-7fb7b0f15000 r--s 00004000 00:27 767337                     /home/xander/.gradle/caches/modules-2/files-2.1/org.ow2.asm/asm-tree/4.0/67bd266cd17adcee486b76952ece4cc85fe248b8/asm-tree-4.0.jar
7fb7b0f15000-7fb7b0f1e000 r--s 000a7000 00:27 4367621                    /home/xander/.gradle/caches/modules-2/files-2.1/com.android.tools.external.lombok/lombok-ast/0.2.2/57e560b535ceaa14fb6f15422d74594acd6c5b64/lombok-ast-0.2.2.jar
7fb7b0f1e000-7fb7b0f20000 r--s 0000a000 00:27 767331                     /home/xander/.gradle/caches/modules-2/files-2.1/org.ow2.asm/asm/4.0/659add6efc75a4715d738e73f07505246edf4d66/asm-4.0.jar
7fb7b0f20000-7fb7b0f53000 r--s 00203000 00:27 767314                     /home/xander/.gradle/caches/modules-2/files-2.1/org.bouncycastle/bcprov-jdk15on/1.48/960dea7c9181ba0b17e8bab0c06a43f0a5f04e65/bcprov-jdk15on-1.48.jar
7fb7b0f53000-7fb7b0f7d000 r--s 001e9000 00:27 4367614                    /home/xander/.gradle/caches/modules-2/files-2.1/com.google.guava/guava/15.0/ed727a8d9f247e2050281cb083f1c77b09dcb5cd/guava-15.0.jar
7fb7b0f7d000-7fb7b0f84000 r--s 00053000 00:27 4365814                    /home/xander/.gradle/caches/modules-2/files-2.1/org.apache.commons/commons-compress/1.8.1/a698750c16740fd5b3871425f4cb3bbaa87f529d/commons-compress-1.8.1.jar
7fb7b0f84000-7fb7b0f85000 r--s 00005000 00:27 4365809                    /home/xander/.gradle/caches/modules-2/files-2.1/com.android.tools/dvlib/23.0.2/e37720cb9d7e2775a4b8b22b12bbb4bb9187c8bf/dvlib-23.0.2.jar
7fb7b0f85000-7fb7b0f87000 r--s 00005000 00:27 767371                     /home/xander/.gradle/caches/modules-2/files-2.1/org.apache.httpcomponents/httpmime/4.1/9ba2dcdf94ce35c8a8e9bff242db0618ca932e92/httpmime-4.1.jar
7fb7b0f87000-7fb7b0f8a000 r--s 00010000 00:27 4365804                    /home/xander/.gradle/caches/modules-2/files-2.1/com.android.tools.layoutlib/layoutlib-api/23.0.2/d97fb910dafd7b29bdff95296dcd2649fadef02e/layoutlib-api-23.0.2.jar
7fb7b0f8a000-7fb7b0f92000 r--s 0004e000 00:27 767354                     /home/xander/.gradle/caches/modules-2/files-2.1/org.apache.httpcomponents/httpclient/4.1.1/3d1d918f32709e33ba7ddb2c4e8d1c543ebe713e/httpclient-4.1.1.jar
7fb7b0f92000-7fb7b0f93000 r--s 0000a000 00:27 767414                     /home/xander/.gradle/caches/modules-2/files-2.1/net.sf.kxml/kxml2/2.3.0/ccbc77a5fd907ef863c29f3596c6f54ffa4e9442/kxml2-2.3.0.jar
7fb7b0f93000-7fb7b0f94000 r--s 00004000 00:27 767321                     /home/xander/.gradle/caches/modules-2/files-2.1/org.ow2.asm/asm-analysis/4.0/1c45d52b6f6c638db13cf3ac12adeb56b254cdd7/asm-analysis-4.0.jar
7fb7b0f94000-7fb7b0f97000 r--s 00027000 00:27 4365797                    /home/xander/.gradle/caches/modules-2/files-2.1/com.android.tools.lint/lint-api/23.0.2/9660c0f32f9308dd2ac998f4928cebcd4095b27/lint-api-23.0.2.jar
7fb7b0f97000-7fb7b0fa5000 r--s 00081000 00:27 767308                     /home/xander/.gradle/caches/modules-2/files-2.1/org.bouncycastle/bcpkix-jdk15on/1.48/28b7614b908a47844bb27e3c94b45b6893656265/bcpkix-jdk15on-1.48.jar
7fb7b0fa5000-7fb7b0fa7000 r--s 00002000 00:27 4365790                    /home/xander/.gradle/caches/modules-2/files-2.1/com.squareup/javawriter/2.5.0/81241ff7078ef14f42ea2a8995fa09c096256e6b/javawriter-2.5.0.jar
7fb7b0fa7000-7fb7b0fa8000 r--s 00000000 00:27 4365786                    /home/xander/.gradle/caches/modules-2/files-2.1/com.android.tools.build/builder-test-api/0.12.2/a7f31faaee3de23ba810c109abc1658715f4416d/builder-test-api-0.12.2.jar
7fb7b0fa8000-7fb7b0fab000 r--s 00012000 00:27 4365782                    /home/xander/.gradle/caches/modules-2/files-2.1/com.android.tools/common/23.0.2/4d5ff345915e0af52765039b75adce89fae798af/common-23.0.2.jar
7fb7b0fab000-7fb7b0fb5000 r--s 000a4000 00:27 4365778                    /home/xander/.gradle/caches/modules-2/files-2.1/com.android.tools/sdklib/23.0.2/74dc50f859e787a548641d613a04ce2a7cf48bee/sdklib-23.0.2.jar
7fb7b0fb5000-7fb7b0fb8000 r--s 00028000 00:27 4365774                    /home/xander/.gradle/caches/modules-2/files-2.1/com.android.tools.build/manifest-merger/23.0.2/93c8f86db4a5ad8e8f034c672b85594326268a9c/manifest-merger-23.0.2.jar
7fb7b0fb8000-7fb7b0fbd000 r--s 0003d000 00:27 4365769                    /home/xander/.gradle/caches/modules-2/files-2.1/com.android.tools.ddms/ddmlib/23.0.2/3e454a33c6790eb497c725f346cd2b80cb67ff6d/ddmlib-23.0.2.jar
7fb7b0fbd000-7fb7b0fbf000 r--s 00003000 00:27 4365763                    /home/xander/.gradle/caches/modules-2/files-2.1/com.android.tools.build/builder-model/0.12.2/ea4eff69bb86efd0e6b2055ba0b3314779033be6/builder-model-0.12.2.jar
7fb7b0fbf000-7fb7b0fc4000 r--s 00044000 00:27 4365759                    /home/xander/.gradle/caches/modules-2/files-2.1/com.android.tools/sdk-common/23.0.2/ec49e38e6c2ae9d7003f7836fe865b39aeba77fe/sdk-common-23.0.2.jar
7fb7b0fc4000-7fb7b0fca000 r--s 00087000 00:27 4365744                    /home/xander/.gradle/caches/modules-2/files-2.1/com.android.tools.lint/lint-checks/23.0.2/e6fe7bac82c4845d3e69e0dd54b1801a91568ffd/lint-checks-23.0.2.jar
7fb7b0fca000-7fb7b0fd9000 r--s 001a9000 00:27 4365739                    /home/xander/.gradle/caches/modules-2/files-2.1/org.eclipse.jdt.core.compiler/ecj/4.2.2/d9fd79499c664bccaf24dbe04be417de6c6af64a/ecj-4.2.2.jar
7fb7b0fd9000-7fb7b0fe9000 r--s 000c5000 00:27 4365721                    /home/xander/.gradle/caches/modules-2/files-2.1/net.sf.proguard/proguard-base/4.11/76730af417bb42da22b16e49f49e67863382b9bd/proguard-base-4.11.jar
7fb7b0fe9000-7fb7b0fec000 r--s 0002a000 00:27 4365713                    /home/xander/.gradle/caches/modules-2/files-2.1/com.android.tools.build/builder/0.12.2/3673e1c415b054caccc3231dcdff959cfcb315f6/builder-0.12.2.jar
7fb7b0fec000-7fb7b0fee000 r--s 00016000 00:27 4365709                    /home/xander/.gradle/caches/modules-2/files-2.1/com.android.tools.lint/lint/23.0.2/e247d675952dd9f24f6b064bac3d7d1639d0043e/lint-23.0.2.jar
7fb7b0fee000-7fb7b0fef000 r--s 00002000 00:27 4365704                    /home/xander/.gradle/caches/modules-2/files-2.1/net.sf.proguard/proguard-gradle/4.11/da875d4b67a8be6c770b11d894434843714ac69d/proguard-gradle-4.11.jar
7fb7b0fef000-7fb7b0ffc000 r--s 0010b000 00:27 4365700                    /home/xander/.gradle/caches/modules-2/files-2.1/com.android.tools.build/gradle/0.12.2/786baefe9fc55777558acbba1bc1d9c6ec0925a8/gradle-0.12.2.jar
7fb7b0ffc000-7fb7b1006000 r--s 00251000 00:11 4932022                    /usr/lib/jvm/java-7-oracle/jre/lib/resources.jar
7fb7b1006000-7fb7b1009000 ---p 00000000 00:00 0 
7fb7b1009000-7fb7b1107000 rw-p 00000000 00:00 0                          [stack:31521]
7fb7b1107000-7fb7b110a000 ---p 00000000 00:00 0 
7fb7b110a000-7fb7b1140000 rw-p 00000000 00:00 0                          [stack:31520]
7fb7b1140000-7fb7b1141000 r--p 00000000 00:00 0 
7fb7b1141000-7fb7b11ac000 r--s 00e22000 00:11 4930103                    /usr/lib/jvm/java-7-oracle/lib/tools.jar
7fb7b11ac000-7fb7b11ae000 r--s 00003000 00:27 4354107                    /home/xander/.gradle/wrapper/dists/gradle-1.12-all/2apkk7d25miauqf1pdjp1bm0uo/gradle-1.12/lib/plugins/gradle-language-base-1.12.jar
7fb7b11ae000-7fb7b11af000 r--s 00004000 00:27 4354106                    /home/xander/.gradle/wrapper/dists/gradle-1.12-all/2apkk7d25miauqf1pdjp1bm0uo/gradle-1.12/lib/plugins/gradle-language-jvm-1.12.jar
7fb7b11af000-7fb7b11b4000 r--s 00029000 00:27 4354105                    /home/xander/.gradle/wrapper/dists/gradle-1.12-all/2apkk7d25miauqf1pdjp1bm0uo/gradle-1.12/lib/plugins/gradle-build-init-1.12.jar
7fb7b11b4000-7fb7b11b7000 r--s 0001f000 00:27 4354104                    /home/xander/.gradle/wrapper/dists/gradle-1.12-all/2apkk7d25miauqf1pdjp1bm0uo/gradle-1.12/lib/plugins/gradle-jacoco-1.12.jar
7fb7b11b7000-7fb7b11ba000 r--s 0000c000 00:27 4354103                    /home/xander/.gradle/wrapper/dists/gradle-1.12-all/2apkk7d25miauqf1pdjp1bm0uo/gradle-1.12/lib/plugins/gradle-ivy-1.12.jar
7fb7b11ba000-7fb7b11bc000 r--s 00002000 00:27 4354102                    /home/xander/.gradle/wrapper/dists/gradle-1.12-all/2apkk7d25miauqf1pdjp1bm0uo/gradle-1.12/lib/plugins/gradle-publish-1.12.jar
7fb7b11bc000-7fb7b11be000 r--s 00005000 00:27 4354132                    /home/xander/.gradle/wrapper/dists/gradle-1.12-all/2apkk7d25miauqf1pdjp1bm0uo/gradle-1.12/lib/plugins/jatl-0.2.2.jar
7fb7b11be000-7fb7b11c0000 r--s 00007000 00:27 4354101                    /home/xander/.gradle/wrapper/dists/gradle-1.12-all/2apkk7d25miauqf1pdjp1bm0uo/gradle-1.12/lib/plugins/gradle-reporting-1.12.jar
7fb7b11c0000-7fb7b11c5000 r--s 0003c000 00:27 4354100                    /home/xander/.gradle/wrapper/dists/gradle-1.12-all/2apkk7d25miauqf1pdjp1bm0uo/gradle-1.12/lib/plugins/gradle-diagnostics-1.12.jar
7fb7b11c5000-7fb7b11cc000 r--s 00094000 00:27 4354099                    /home/xander/.gradle/wrapper/dists/gradle-1.12-all/2apkk7d25miauqf1pdjp1bm0uo/gradle-1.12/lib/plugins/gradle-build-comparison-1.12.jar
7fb7b11cc000-7fb7b11d3000 r--s 00035000 00:27 4354131                    /home/xander/.gradle/wrapper/dists/gradle-1.12-all/2apkk7d25miauqf1pdjp1bm0uo/gradle-1.12/lib/plugins/simple-4.1.21.jar
7fb7b11d3000-7fb7b11d8000 r--s 0002a000 00:27 4354130                    /home/xander/.gradle/wrapper/dists/gradle-1.12-all/2apkk7d25miauqf1pdjp1bm0uo/gradle-1.12/lib/plugins/gson-2.2.4.jar
7fb7b11d8000-7fb7b11e4000 r--s 00100000 00:27 4354129                    /home/xander/.gradle/wrapper/dists/gradle-1.12-all/2apkk7d25miauqf1pdjp1bm0uo/gradle-1.12/lib/plugins/rhino-1.7R3.jar
7fb7b11e4000-7fb7b11e9000 r--s 00021000 00:27 4354098                    /home/xander/.gradle/wrapper/dists/gradle-1.12-all/2apkk7d25miauqf1pdjp1bm0uo/gradle-1.12/lib/plugins/gradle-javascript-1.12.jar
7fb7b11e9000-7fb7b11eb000 r--s 0000f000 00:27 4354097                    /home/xander/.gradle/wrapper/dists/gradle-1.12-all/2apkk7d25miauqf1pdjp1bm0uo/gradle-1.12/lib/plugins/gradle-ear-1.12.jar
7fb7b11eb000-7fb7b1201000 r--s 000de000 00:27 4354096                    /home/xander/.gradle/wrapper/dists/gradle-1.12-all/2apkk7d25miauqf1pdjp1bm0uo/gradle-1.12/lib/plugins/gradle-cpp-1.12.jar
7fb7b1201000-7fb7b1229000 r--s 00194000 00:27 4354141                    /home/xander/.gradle/wrapper/dists/gradle-1.12-all/2apkk7d25miauqf1pdjp1bm0uo/gradle-1.12/lib/plugins/bcprov-jdk15-1.46.jar
7fb7b1229000-7fb7b122d000 r--s 00025000 00:27 4354128                    /home/xander/.gradle/wrapper/dists/gradle-1.12-all/2apkk7d25miauqf1pdjp1bm0uo/gradle-1.12/lib/plugins/bcpg-jdk15-1.46.jar
7fb7b122d000-7fb7b1230000 r--s 00021000 00:27 4354095                    /home/xander/.gradle/wrapper/dists/gradle-1.12-all/2apkk7d25miauqf1pdjp1bm0uo/gradle-1.12/lib/plugins/gradle-signing-1.12.jar
7fb7b1230000-7fb7b1231000 r--s 00002000 00:27 4354127                    /home/xander/.gradle/wrapper/dists/gradle-1.12-all/2apkk7d25miauqf1pdjp1bm0uo/gradle-1.12/lib/plugins/sonar-batch-bootstrapper-2.9.jar
7fb7b1231000-7fb7b1232000 r--s 00007000 00:27 4354126                    /home/xander/.gradle/wrapper/dists/gradle-1.12-all/2apkk7d25miauqf1pdjp1bm0uo/gradle-1.12/lib/plugins/sonar-runner-2.0.jar
7fb7b1232000-7fb7b1235000 r--s 00022000 00:27 4354094                    /home/xander/.gradle/wrapper/dists/gradle-1.12-all/2apkk7d25miauqf1pdjp1bm0uo/gradle-1.12/lib/plugins/gradle-sonar-1.12.jar
7fb7b1235000-7fb7b1238000 r--s 0001c000 00:27 4354093                    /home/xander/.gradle/wrapper/dists/gradle-1.12-all/2apkk7d25miauqf1pdjp1bm0uo/gradle-1.12/lib/plugins/gradle-scala-1.12.jar
7fb7b1238000-7fb7b123a000 r--s 0000f000 00:27 4354092                    /home/xander/.gradle/wrapper/dists/gradle-1.12-all/2apkk7d25miauqf1pdjp1bm0uo/gradle-1.12/lib/plugins/gradle-announce-1.12.jar
7fb7b123a000-7fb7b1247000 r--s 000cf000 00:27 4354091                    /home/xander/.gradle/wrapper/dists/gradle-1.12-all/2apkk7d25miauqf1pdjp1bm0uo/gradle-1.12/lib/plugins/gradle-ide-1.12.jar
7fb7b1247000-7fb7b1249000 r--s 00000000 00:27 4354125                    /home/xander/.gradle/wrapper/dists/gradle-1.12-all/2apkk7d25miauqf1pdjp1bm0uo/gradle-1.12/lib/plugins/plexus-component-annotations-1.5.2.jar
7fb7b1249000-7fb7b124c000 r--s 0000c000 00:27 4354124                    /home/xander/.gradle/wrapper/dists/gradle-1.12-all/2apkk7d25miauqf1pdjp1bm0uo/gradle-1.12/lib/plugins/pmaven-groovy-0.8-20100325.jar
7fb7b124c000-7fb7b124d000 r--s 00004000 00:27 4354123                    /home/xander/.gradle/wrapper/dists/gradle-1.12-all/2apkk7d25miauqf1pdjp1bm0uo/gradle-1.12/lib/plugins/pmaven-common-0.8-20100325.jar
7fb7b124d000-7fb7b1252000 r--s 0001d000 00:27 4354090                    /home/xander/.gradle/wrapper/dists/gradle-1.12-all/2apkk7d25miauqf1pdjp1bm0uo/gradle-1.12/lib/plugins/gradle-maven-1.12.jar
7fb7b1252000-7fb7b126a000 r--s 0013b000 00:27 4354121                    /home/xander/.gradle/wrapper/dists/gradle-1.12-all/2apkk7d25miauqf1pdjp1bm0uo/gradle-1.12/lib/plugins/bndlib-2.1.0.jar
7fb7b126a000-7fb7b126b000 r--s 00005000 00:27 4354089                    /home/xander/.gradle/wrapper/dists/gradle-1.12-all/2apkk7d25miauqf1pdjp1bm0uo/gradle-1.12/lib/plugins/gradle-osgi-1.12.jar
7fb7b126b000-7fb7b1270000 r--s 00068000 00:27 4354120                    /home/xander/.gradle/wrapper/dists/gradle-1.12-all/2apkk7d25miauqf1pdjp1bm0uo/gradle-1.12/lib/plugins/antlr-2.7.7.jar
7fb7b1270000-7fb7b1271000 r--s 00002000 00:27 4354119                    /home/xander/.gradle/wrapper/dists/gradle-1.12-all/2apkk7d25miauqf1pdjp1bm0uo/gradle-1.12/lib/plugins/ant-antlr-1.9.3.jar
7fb7b1271000-7fb7b1273000 r--s 00004000 00:27 4354088                    /home/xander/.gradle/wrapper/dists/gradle-1.12-all/2apkk7d25miauqf1pdjp1bm0uo/gradle-1.12/lib/plugins/gradle-antlr-1.12.jar
7fb7b1273000-7fb7b1276000 r--s 0001e000 00:27 4354140                    /home/xander/.gradle/wrapper/dists/gradle-1.12-all/2apkk7d25miauqf1pdjp1bm0uo/gradle-1.12/lib/plugins/jsp-api-2.1-6.1.14.jar
7fb7b1276000-7fb7b1299000 r--s 00344000 00:27 4354139                    /home/xander/.gradle/wrapper/dists/gradle-1.12-all/2apkk7d25miauqf1pdjp1bm0uo/gradle-1.12/lib/plugins/core-3.1.1.jar
7fb7b1299000-7fb7b129a000 r--s 00006000 00:27 4354138                    /home/xander/.gradle/wrapper/dists/gradle-1.12-all/2apkk7d25miauqf1pdjp1bm0uo/gradle-1.12/lib/plugins/jetty-naming-6.1.25.jar
7fb7b129a000-7fb7b129b000 r--s 00002000 00:27 4354118                    /home/xander/.gradle/wrapper/dists/gradle-1.12-all/2apkk7d25miauqf1pdjp1bm0uo/gradle-1.12/lib/plugins/geronimo-annotation_1.0_spec-1.0.jar
7fb7b129b000-7fb7b129d000 r--s 00002000 00:27 4354117                    /home/xander/.gradle/wrapper/dists/gradle-1.12-all/2apkk7d25miauqf1pdjp1bm0uo/gradle-1.12/lib/plugins/jetty-annotations-6.1.25.jar
7fb7b129d000-7fb7b12ae000 r--s 000ea000 00:27 4354116                    /home/xander/.gradle/wrapper/dists/gradle-1.12-all/2apkk7d25miauqf1pdjp1bm0uo/gradle-1.12/lib/plugins/jsp-2.1-6.1.14.jar
7fb7b12ae000-7fb7b12b0000 r--s 0000d000 00:27 4354115                    /home/xander/.gradle/wrapper/dists/gradle-1.12-all/2apkk7d25miauqf1pdjp1bm0uo/gradle-1.12/lib/plugins/jetty-plus-6.1.25.jar
7fb7b12b0000-7fb7b12b2000 r--s 0001f000 00:27 4354114                    /home/xander/.gradle/wrapper/dists/gradle-1.12-all/2apkk7d25miauqf1pdjp1bm0uo/gradle-1.12/lib/plugins/servlet-api-2.5-20081211.jar
7fb7b12b2000-7fb7b12b6000 r--s 00028000 00:27 4354113                    /home/xander/.gradle/wrapper/dists/gradle-1.12-all/2apkk7d25miauqf1pdjp1bm0uo/gradle-1.12/lib/plugins/jetty-util-6.1.25.jar
7fb7b12b6000-7fb7b12bd000 r--s 0007d000 00:27 4354112                    /home/xander/.gradle/wrapper/dists/gradle-1.12-all/2apkk7d25miauqf1pdjp1bm0uo/gradle-1.12/lib/plugins/jetty-6.1.25.jar
7fb7b12bd000-7fb7b12bf000 r--s 00009000 00:27 4354087                    /home/xander/.gradle/wrapper/dists/gradle-1.12-all/2apkk7d25miauqf1pdjp1bm0uo/gradle-1.12/lib/plugins/gradle-jetty-1.12.jar
7fb7b12bf000-7fb7b12c5000 r--s 0004c000 00:27 4354086                    /home/xander/.gradle/wrapper/dists/gradle-1.12-all/2apkk7d25miauqf1pdjp1bm0uo/gradle-1.12/lib/plugins/gradle-code-quality-1.12.jar
7fb7b12c5000-7fb7b12c7000 r--s 00009000 00:27 4354144                    /home/xander/.gradle/wrapper/dists/gradle-1.12-all/2apkk7d25miauqf1pdjp1bm0uo/gradle-1.12/lib/plugins/hamcrest-core-1.3.jar
7fb7b12c7000-7fb7b12cd000 r--s 00033000 00:27 4354137                    /home/xander/.gradle/wrapper/dists/gradle-1.12-all/2apkk7d25miauqf1pdjp1bm0uo/gradle-1.12/lib/plugins/snakeyaml-1.6.jar
7fb7b12cd000-7fb7b12cf000 r--s 00006000 00:27 4354136                    /home/xander/.gradle/wrapper/dists/gradle-1.12-all/2apkk7d25miauqf1pdjp1bm0uo/gradle-1.12/lib/plugins/jcommander-1.12.jar
7fb7b12cf000-7fb7b12d4000 r--s 00040000 00:27 4354135                    /home/xander/.gradle/wrapper/dists/gradle-1.12-all/2apkk7d25miauqf1pdjp1bm0uo/gradle-1.12/lib/plugins/bsh-2.0b4.jar
7fb7b12d4000-7fb7b12d6000 r--s 00009000 00:27 4354111                    /home/xander/.gradle/wrapper/dists/gradle-1.12-all/2apkk7d25miauqf1pdjp1bm0uo/gradle-1.12/lib/plugins/commons-cli-1.2.jar
7fb7b12d6000-7fb7b12df000 r--s 00089000 00:27 4354110                    /home/xander/.gradle/wrapper/dists/gradle-1.12-all/2apkk7d25miauqf1pdjp1bm0uo/gradle-1.12/lib/plugins/testng-6.3.1.jar
7fb7b12df000-7fb7b12e5000 r--s 00036000 00:27 4354109                    /home/xander/.gradle/wrapper/dists/gradle-1.12-all/2apkk7d25miauqf1pdjp1bm0uo/gradle-1.12/lib/plugins/junit-4.11.jar
7fb7b12e5000-7fb7b12f7000 r--s 000b4000 00:27 4354085                    /home/xander/.gradle/wrapper/dists/gradle-1.12-all/2apkk7d25miauqf1pdjp1bm0uo/gradle-1.12/lib/plugins/gradle-plugins-1.12.jar
7fb7b12f7000-7fb7b130f000 r--s 00115000 00:27 4354142                    /home/xander/.gradle/wrapper/dists/gradle-1.12-all/2apkk7d25miauqf1pdjp1bm0uo/gradle-1.12/lib/plugins/xercesImpl-2.9.1.jar
7fb7b130f000-7fb7b1317000 r--s 00028000 00:27 4354143                    /home/xander/.gradle/wrapper/dists/gradle-1.12-all/2apkk7d25miauqf1pdjp1bm0uo/gradle-1.12/lib/plugins/xml-apis-1.3.04.jar
7fb7b1317000-7fb7b131b000 r--s 0001d000 00:27 4354134                    /home/xander/.gradle/wrapper/dists/gradle-1.12-all/2apkk7d25miauqf1pdjp1bm0uo/gradle-1.12/lib/plugins/xbean-reflect-3.4.jar
7fb7b131b000-7fb7b131e000 r--s 0001c000 00:27 4354133                    /home/xander/.gradle/wrapper/dists/gradle-1.12-all/2apkk7d25miauqf1pdjp1bm0uo/gradle-1.12/lib/plugins/nekohtml-1.9.14.jar
7fb7b131e000-7fb7b1337000 r--s 00129000 00:27 4354122                    /home/xander/.gradle/wrapper/dists/gradle-1.12-all/2apkk7d25miauqf1pdjp1bm0uo/gradle-1.12/lib/plugins/maven-ant-tasks-2.1.3.jar
7fb7b1337000-7fb7b133b000 r--s 0001e000 00:27 4354084                    /home/xander/.gradle/wrapper/dists/gradle-1.12-all/2apkk7d25miauqf1pdjp1bm0uo/gradle-1.12/lib/plugins/jarjar-aether-impl-1.13.1.jar
7fb7b133b000-7fb7b133e000 r--s 00027000 00:27 4354083                    /home/xander/.gradle/wrapper/dists/gradle-1.12-all/2apkk7d25miauqf1pdjp1bm0uo/gradle-1.12/lib/plugins/jarjar-maven-model-3.0.4.jar
7fb7b133e000-7fb7b1341000 r--s 0000b000 00:27 4354082                    /home/xander/.gradle/wrapper/dists/gradle-1.12-all/2apkk7d25miauqf1pdjp1bm0uo/gradle-1.12/lib/plugins/jarjar-maven-artifact-3.0.4.jar
7fb7b1341000-7fb7b1345000 r--s 0001e000 00:27 4354081                    /home/xander/.gradle/wrapper/dists/gradle-1.12-all/2apkk7d25miauqf1pdjp1bm0uo/gradle-1.12/lib/plugins/jarjar-aether-util-1.13.1.jar
7fb7b1345000-7fb7b1347000 r--s 00007000 00:27 4354080                    /home/xander/.gradle/wrapper/dists/gradle-1.12-all/2apkk7d25miauqf1pdjp1bm0uo/gradle-1.12/lib/plugins/jarjar-wagon-http-shared4-2.4.jar
7fb7b1347000-7fb7b1354000 r--s 00083000 00:27 4354079                    /home/xander/.gradle/wrapper/dists/gradle-1.12-all/2apkk7d25miauqf1pdjp1bm0uo/gradle-1.12/lib/plugins/jarjar-maven-core-3.0.4.jar
7fb7b1354000-7fb7b1356000 r--s 00003000 00:27 4354078                    /home/xander/.gradle/wrapper/dists/gradle-1.12-all/2apkk7d25miauqf1pdjp1bm0uo/gradle-1.12/lib/plugins/jarjar-aether-spi-1.13.1.jar
7fb7b1356000-7fb7b1358000 r--s 00009000 00:27 4354077                    /home/xander/.gradle/wrapper/dists/gradle-1.12-all/2apkk7d25miauqf1pdjp1bm0uo/gradle-1.12/lib/plugins/jarjar-maven-settings-builder-3.0.4.jar
7fb7b1358000-7fb7b135c000 r--s 00014000 00:27 4354076                    /home/xander/.gradle/wrapper/dists/gradle-1.12-all/2apkk7d25miauqf1pdjp1bm0uo/gradle-1.12/lib/plugins/jarjar-aether-api-1.13.1.jar
7fb7b135c000-7fb7b135d000 r--s 00002000 00:27 4354075                    /home/xander/.gradle/wrapper/dists/gradle-1.12-all/2apkk7d25miauqf1pdjp1bm0uo/gradle-1.12/lib/plugins/jarjar-wagon-http-2.4.jar
7fb7b135d000-7fb7b1364000 r--s 00042000 00:27 4354074                    /home/xander/.gradle/wrapper/dists/gradle-1.12-all/2apkk7d25miauqf1pdjp1bm0uo/gradle-1.12/lib/plugins/jarjar-maven-compat-3.0.4.jar
7fb7b1364000-7fb7b1366000 r--s 00006000 00:27 4354073                    /home/xander/.gradle/wrapper/dists/gradle-1.12-all/2apkk7d25miauqf1pdjp1bm0uo/gradle-1.12/lib/plugins/jarjar-aether-connector-wagon-1.13.1.jar
7fb7b1366000-7fb7b1368000 r--s 00000000 00:27 4354072                    /home/xander/.gradle/wrapper/dists/gradle-1.12-all/2apkk7d25miauqf1pdjp1bm0uo/gradle-1.12/lib/plugins/jarjar-plexus-component-annotations-1.5.5.jar
7fb7b1368000-7fb7b136a000 r--s 00006000 00:27 4354071                    /home/xander/.gradle/wrapper/dists/gradle-1.12-all/2apkk7d25miauqf1pdjp1bm0uo/gradle-1.12/lib/plugins/jarjar-plexus-sec-dispatcher-1.3.jar
7fb7b136a000-7fb7b136f000 r--s 00022000 00:27 4354070                    /home/xander/.gradle/wrapper/dists/gradle-1.12-all/2apkk7d25miauqf1pdjp1bm0uo/gradle-1.12/lib/plugins/jarjar-maven-model-builder-3.0.4.jar
7fb7b136f000-7fb7b1371000 r--s 0000b000 00:27 4354069                    /home/xander/.gradle/wrapper/dists/gradle-1.12-all/2apkk7d25miauqf1pdjp1bm0uo/gradle-1.12/lib/plugins/jarjar-maven-plugin-api-3.0.4.jar
7fb7b1371000-7fb7b1374000 r--s 0000a000 00:27 4354068                    /home/xander/.gradle/wrapper/dists/gradle-1.12-all/2apkk7d25miauqf1pdjp1bm0uo/gradle-1.12/lib/plugins/jarjar-plexus-classworlds-2.4.jar
7fb7b1374000-7fb7b1378000 r--s 00035000 00:27 4354067                    /home/xander/.gradle/wrapper/dists/gradle-1.12-all/2apkk7d25miauqf1pdjp1bm0uo/gradle-1.12/lib/plugins/jarjar-plexus-utils-2.0.6.jar
7fb7b1378000-7fb7b137a000 r--s 0000e000 00:27 4354066                    /home/xander/.gradle/wrapper/dists/gradle-1.12-all/2apkk7d25miauqf1pdjp1bm0uo/gradle-1.12/lib/plugins/jarjar-plexus-interpolation-1.14.jar
7fb7b137a000-7fb7b1382000 r--s 00031000 00:27 4354062                    /home/xander/.gradle/wrapper/dists/gradle-1.12-all/2apkk7d25miauqf1pdjp1bm0uo/gradle-1.12/lib/plugins/jarjar-plexus-container-default-1.5.5.jar
7fb7b1382000-7fb7b138a000 r-xp 00000000 00:11 4931963                    /usr/lib/jvm/java-7-oracle/jre/lib/amd64/libmanagement.so
7fb7b138a000-7fb7b1589000 ---p 00008000 00:11 4931963                    /usr/lib/jvm/java-7-oracle/jre/lib/amd64/libmanagement.so
7fb7b1589000-7fb7b158a000 rw-p 00007000 00:11 4931963                    /usr/lib/jvm/java-7-oracle/jre/lib/amd64/libmanagement.so
7fb7b158a000-7fb7b159f000 r-xp 00000000 00:27 4368280                    /home/xander/.gradle/native/jna/linux-amd64/libjnidispatch.so
7fb7b159f000-7fb7b169e000 ---p 00015000 00:27 4368280                    /home/xander/.gradle/native/jna/linux-amd64/libjnidispatch.so
7fb7b169e000-7fb7b16a0000 rw-p 00014000 00:27 4368280                    /home/xander/.gradle/native/jna/linux-amd64/libjnidispatch.so
7fb7b16a0000-7fb7b16c5000 r-xp 00000000 00:11 4752                       /lib/x86_64-linux-gnu/libtinfo.so.5.9
7fb7b16c5000-7fb7b18c4000 ---p 00025000 00:11 4752                       /lib/x86_64-linux-gnu/libtinfo.so.5.9
7fb7b18c4000-7fb7b18c8000 r--p 00024000 00:11 4752                       /lib/x86_64-linux-gnu/libtinfo.so.5.9
7fb7b18c8000-7fb7b18c9000 rw-p 00028000 00:11 4752                       /lib/x86_64-linux-gnu/libtinfo.so.5.9
7fb7b18c9000-7fb7b18eb000 r-xp 00000000 00:11 4799                       /lib/x86_64-linux-gnu/libncurses.so.5.9
7fb7b18eb000-7fb7b1aea000 ---p 00022000 00:11 4799                       /lib/x86_64-linux-gnu/libncurses.so.5.9
7fb7b1aea000-7fb7b1aeb000 r--p 00021000 00:11 4799                       /lib/x86_64-linux-gnu/libncurses.so.5.9
7fb7b1aeb000-7fb7b1aec000 rw-p 00022000 00:11 4799                       /lib/x86_64-linux-gnu/libncurses.so.5.9
7fb7b1aec000-7fb7b1aef000 r-xp 00000000 00:27 4368284                    /home/xander/.gradle/native/19/linux-amd64/libnative-platform-curses.so
7fb7b1aef000-7fb7b1cef000 ---p 00003000 00:27 4368284                    /home/xander/.gradle/native/19/linux-amd64/libnative-platform-curses.so
7fb7b1cef000-7fb7b1cf0000 rw-p 00003000 00:27 4368284                    /home/xander/.gradle/native/19/linux-amd64/libnative-platform-curses.so
7fb7b1cf0000-7fb7b1d06000 r-xp 00000000 00:11 3150285                    /lib/x86_64-linux-gnu/libgcc_s.so.1
7fb7b1d06000-7fb7b1f05000 ---p 00016000 00:11 3150285                    /lib/x86_64-linux-gnu/libgcc_s.so.1
7fb7b1f05000-7fb7b1f06000 rw-p 00015000 00:11 3150285                    /lib/x86_64-linux-gnu/libgcc_s.so.1
7fb7b1f06000-7fb7b1fec000 r-xp 00000000 00:11 410904                     /usr/lib/x86_64-linux-gnu/libstdc++.so.6.0.19
7fb7b1fec000-7fb7b21eb000 ---p 000e6000 00:11 410904                     /usr/lib/x86_64-linux-gnu/libstdc++.so.6.0.19
7fb7b21eb000-7fb7b21f3000 r--p 000e5000 00:11 410904                     /usr/lib/x86_64-linux-gnu/libstdc++.so.6.0.19
7fb7b21f3000-7fb7b21f5000 rw-p 000ed000 00:11 410904                     /usr/lib/x86_64-linux-gnu/libstdc++.so.6.0.19
7fb7b21f5000-7fb7b220a000 rw-p 00000000 00:00 0 
7fb7b220a000-7fb7b220c000 r--s 00002000 00:27 4354065                    /home/xander/.gradle/wrapper/dists/gradle-1.12-all/2apkk7d25miauqf1pdjp1bm0uo/gradle-1.12/lib/plugins/jarjar-plexus-cipher-1.7.jar
7fb7b220c000-7fb7b220e000 r--s 0000c000 00:27 4354064                    /home/xander/.gradle/wrapper/dists/gradle-1.12-all/2apkk7d25miauqf1pdjp1bm0uo/gradle-1.12/lib/plugins/jarjar-wagon-provider-api-2.4.jar
7fb7b220e000-7fb7b2210000 r--s 0000d000 00:27 4354063                    /home/xander/.gradle/wrapper/dists/gradle-1.12-all/2apkk7d25miauqf1pdjp1bm0uo/gradle-1.12/lib/plugins/jarjar-maven-aether-provider-3.0.4.jar
7fb7b2210000-7fb7b2211000 r--s 00007000 00:27 4354061                    /home/xander/.gradle/wrapper/dists/gradle-1.12-all/2apkk7d25miauqf1pdjp1bm0uo/gradle-1.12/lib/plugins/jarjar-maven-repository-metadata-3.0.4.jar
7fb7b2211000-7fb7b2212000 r--s 0000b000 00:27 4354060                    /home/xander/.gradle/wrapper/dists/gradle-1.12-all/2apkk7d25miauqf1pdjp1bm0uo/gradle-1.12/lib/plugins/jarjar-maven-settings-3.0.4.jar
7fb7b2212000-7fb7b222a000 r--s 000b2000 00:27 4354108                    /home/xander/.gradle/wrapper/dists/gradle-1.12-all/2apkk7d25miauqf1pdjp1bm0uo/gradle-1.12/lib/plugins/gradle-core-impl-1.12.jar
7fb7b222a000-7fb7b2231000 r--s 00000000 00:11 2479221                    /usr/lib/x86_64-linux-gnu/gconv/gconv-modules.cache
7fb7b2231000-7fb7b2235000 r-xp 00000000 00:27 4368277                    /home/xander/.gradle/native/19/linux-amd64/libnative-platform.so
7fb7b2235000-7fb7b2434000 ---p 00004000 00:27 4368277                    /home/xander/.gradle/native/19/linux-amd64/libnative-platform.so
7fb7b2434000-7fb7b2435000 rw-p 00003000 00:27 4368277                    /home/xander/.gradle/native/19/linux-amd64/libnative-platform.so
7fb7b2435000-7fb7b2436000 r--s 00005000 00:27 4353996                    /home/xander/.gradle/wrapper/dists/gradle-1.12-all/2apkk7d25miauqf1pdjp1bm0uo/gradle-1.12/lib/gradle-wrapper-1.12.jar
7fb7b2436000-7fb7b243e000 r--s 0002a000 00:27 4354001                    /home/xander/.gradle/wrapper/dists/gradle-1.12-all/2apkk7d25miauqf1pdjp1bm0uo/gradle-1.12/lib/gradle-tooling-api-1.12.jar
7fb7b243e000-7fb7b2440000 r--s 00005000 00:27 4354026                    /home/xander/.gradle/wrapper/dists/gradle-1.12-all/2apkk7d25miauqf1pdjp1bm0uo/gradle-1.12/lib/gradle-open-api-1.12.jar
7fb7b2440000-7fb7b2446000 r--s 00032000 00:27 4354028                    /home/xander/.gradle/wrapper/dists/gradle-1.12-all/2apkk7d25miauqf1pdjp1bm0uo/gradle-1.12/lib/jaxen-1.1.jar
7fb7b2446000-7fb7b244b000 r--s 00048000 00:27 4354027                    /home/xander/.gradle/wrapper/dists/gradle-1.12-all/2apkk7d25miauqf1pdjp1bm0uo/gradle-1.12/lib/dom4j-1.6.1.jar
7fb7b244b000-7fb7b2456000 r--s 0005b000 00:27 4354000                    /home/xander/.gradle/wrapper/dists/gradle-1.12-all/2apkk7d25miauqf1pdjp1bm0uo/gradle-1.12/lib/gradle-ui-1.12.jar
7fb7b2456000-7fb7b2458000 r--s 00007000 00:27 4354054                    /home/xander/.gradle/wrapper/dists/gradle-1.12-all/2apkk7d25miauqf1pdjp1bm0uo/gradle-1.12/lib/objenesis-1.2.jar
7fb7b2458000-7fb7b245a000 r--s 00000000 00:27 4354053                    /home/xander/.gradle/wrapper/dists/gradle-1.12-all/2apkk7d25miauqf1pdjp1bm0uo/gradle-1.12/lib/minlog-1.2.jar
7fb7b245a000-7fb7b245c000 r--s 0000f000 00:27 4354052                    /home/xander/.gradle/wrapper/dists/gradle-1.12-all/2apkk7d25miauqf1pdjp1bm0uo/gradle-1.12/lib/reflectasm-1.07-shaded.jar
7fb7b245c000-7fb7b245e000 r--s 0000a000 00:27 4354058                    /home/xander/.gradle/wrapper/dists/gradle-1.12-all/2apkk7d25miauqf1pdjp1bm0uo/gradle-1.12/lib/asm-4.0.jar
7fb7b245e000-7fb7b2462000 r--s 00026000 00:27 4354041                    /home/xander/.gradle/wrapper/dists/gradle-1.12-all/2apkk7d25miauqf1pdjp1bm0uo/gradle-1.12/lib/kryo-2.20.jar
7fb7b2462000-7fb7b246a000 r--s 00037000 00:27 4354022                    /home/xander/.gradle/wrapper/dists/gradle-1.12-all/2apkk7d25miauqf1pdjp1bm0uo/gradle-1.12/lib/gradle-messaging-1.12.jar
7fb7b246a000-7fb7b246b000 r--s 00003000 00:27 4354049                    /home/xander/.gradle/wrapper/dists/gradle-1.12-all/2apkk7d25miauqf1pdjp1bm0uo/gradle-1.12/lib/native-platform-freebsd-amd64-0.10.jar
7fb7b246b000-7fb7b246c000 r--s 00003000 00:27 4354048                    /home/xander/.gradle/wrapper/dists/gradle-1.12-all/2apkk7d25miauqf1pdjp1bm0uo/gradle-1.12/lib/native-platform-freebsd-i386-0.10.jar
7fb7b246c000-7fb7b246d000 r--s 00005000 00:27 4354047                    /home/xander/.gradle/wrapper/dists/gradle-1.12-all/2apkk7d25miauqf1pdjp1bm0uo/gradle-1.12/lib/native-platform-windows-i386-0.10.jar
7fb7b246d000-7fb7b246e000 r--s 00005000 00:27 4354046                    /home/xander/.gradle/wrapper/dists/gradle-1.12-all/2apkk7d25miauqf1pdjp1bm0uo/gradle-1.12/lib/native-platform-windows-amd64-0.10.jar
7fb7b246e000-7fb7b246f000 r--s 00003000 00:27 4354045                    /home/xander/.gradle/wrapper/dists/gradle-1.12-all/2apkk7d25miauqf1pdjp1bm0uo/gradle-1.12/lib/native-platform-linux-i386-0.10.jar
7fb7b246f000-7fb7b2470000 r--s 00003000 00:27 4354044                    /home/xander/.gradle/wrapper/dists/gradle-1.12-all/2apkk7d25miauqf1pdjp1bm0uo/gradle-1.12/lib/native-platform-linux-amd64-0.10.jar
7fb7b2470000-7fb7b2471000 r--s 00002000 00:27 4354043                    /home/xander/.gradle/wrapper/dists/gradle-1.12-all/2apkk7d25miauqf1pdjp1bm0uo/gradle-1.12/lib/native-platform-osx-amd64-0.10.jar
7fb7b2471000-7fb7b2472000 r--s 00002000 00:27 4354042                    /home/xander/.gradle/wrapper/dists/gradle-1.12-all/2apkk7d25miauqf1pdjp1bm0uo/gradle-1.12/lib/native-platform-osx-i386-0.10.jar
7fb7b2472000-7fb7b2474000 r--s 00008000 00:27 4354032                    /home/xander/.gradle/wrapper/dists/gradle-1.12-all/2apkk7d25miauqf1pdjp1bm0uo/gradle-1.12/lib/jansi-1.2.1.jar
7fb7b2474000-7fb7b2477000 r--s 00013000 00:27 4354031                    /home/xander/.gradle/wrapper/dists/gradle-1.12-all/2apkk7d25miauqf1pdjp1bm0uo/gradle-1.12/lib/jna-posix-1.0.3.jar
7fb7b2477000-7fb7b247a000 r--s 0000d000 00:27 4354030                    /home/xander/.gradle/wrapper/dists/gradle-1.12-all/2apkk7d25miauqf1pdjp1bm0uo/gradle-1.12/lib/native-platform-0.10.jar
7fb7b247a000-7fb7b247e000 r--s 000e4000 00:27 4354029                    /home/xander/.gradle/wrapper/dists/gradle-1.12-all/2apkk7d25miauqf1pdjp1bm0uo/gradle-1.12/lib/jna-3.2.7.jar
7fb7b247e000-7fb7b2480000 r--s 00009000 00:27 4354002                    /home/xander/.gradle/wrapper/dists/gradle-1.12-all/2apkk7d25miauqf1pdjp1bm0uo/gradle-1.12/lib/gradle-native-1.12.jar
7fb7b2480000-7fb7b2481000 r--s 00006000 00:27 4353999                    /home/xander/.gradle/wrapper/dists/gradle-1.12-all/2apkk7d25miauqf1pdjp1bm0uo/gradle-1.12/lib/gradle-cli-1.12.jar
7fb7b2481000-7fb7b2482000 r--s 00000000 00:27 4354007                    /home/xander/.gradle/wrapper/dists/gradle-1.12-all/2apkk7d25miauqf1pdjp1bm0uo/gradle-1.12/lib/gradle-resources-1.12.jar
7fb7b2482000-7fb7b2484000 r--s 00000000 00:27 4354006                    /home/xander/.gradle/wrapper/dists/gradle-1.12-all/2apkk7d25miauqf1pdjp1bm0uo/gradle-1.12/lib/gradle-base-services-groovy-1.12.jar
7fb7b2484000-7fb7b2485000 r--s 00000000 00:27 4354023                    /home/xander/.gradle/wrapper/dists/gradle-1.12-all/2apkk7d25miauqf1pdjp1bm0uo/gradle-1.12/lib/gradle-docs-1.12.jar
7fb7b2485000-7fb7b248b000 r--s 0005b000 00:27 4354040                    /home/xander/.gradle/wrapper/dists/gradle-1.12-all/2apkk7d25miauqf1pdjp1bm0uo/gradle-1.12/lib/jcifs-1.3.17.jar
7fb7b248b000-7fb7b2491000 r--s 00031000 00:27 4354039                    /home/xander/.gradle/wrapper/dists/gradle-1.12-all/2apkk7d25miauqf1pdjp1bm0uo/gradle-1.12/lib/httpcore-4.2.2.jar
7fb7b2491000-7fb7b2497000 r--s 00033000 00:27 4354038                    /home/xander/.gradle/wrapper/dists/gradle-1.12-all/2apkk7d25miauqf1pdjp1bm0uo/gradle-1.12/lib/commons-codec-1.6.jar
7fb7b2497000-7fb7b2499000 r--s 00026000 00:27 4354037                    /home/xander/.gradle/wrapper/dists/gradle-1.12-all/2apkk7d25miauqf1pdjp1bm0uo/gradle-1.12/lib/http-builder-0.6.jar
7fb7b2499000-7fb7b249b000 r--s 00013000 00:27 4354051                    /home/xander/.gradle/wrapper/dists/gradle-1.12-all/2apkk7d25miauqf1pdjp1bm0uo/gradle-1.12/lib/xml-resolver-1.2.jar
7fb7b249b000-7fb7b249f000 r--s 00022000 00:27 4354050                    /home/xander/.gradle/wrapper/dists/gradle-1.12-all/2apkk7d25miauqf1pdjp1bm0uo/gradle-1.12/lib/json-lib-2.3-jdk15.jar
7fb7b249f000-7fb7b24a2000 r--s 00013000 00:27 4354057                    /home/xander/.gradle/wrapper/dists/gradle-1.12-all/2apkk7d25miauqf1pdjp1bm0uo/gradle-1.12/lib/ezmorph-1.0.6.jar
7fb7b24a2000-7fb7b24a7000 r--s 00034000 00:27 4354055                    /home/xander/.gradle/wrapper/dists/gradle-1.12-all/2apkk7d25miauqf1pdjp1bm0uo/gradle-1.12/lib/commons-beanutils-1.8.0.jar
7fb7b24a7000-7fb7b24a9000 r--s 0000d000 00:27 4354056                    /home/xander/.gradle/wrapper/dists/gradle-1.12-all/2apkk7d25miauqf1pdjp1bm0uo/gradle-1.12/lib/commons-logging-1.1.1.jar
7fb7b24a9000-7fb7b24b8000 r--s 0007f000 00:27 4354035                    /home/xander/.gradle/wrapper/dists/gradle-1.12-all/2apkk7d25miauqf1pdjp1bm0uo/gradle-1.12/lib/joda-time-2.3.jar
7fb7b24b8000-7fb7b24bc000 r--s 0003d000 00:27 4354034                    /home/xander/.gradle/wrapper/dists/gradle-1.12-all/2apkk7d25miauqf1pdjp1bm0uo/gradle-1.12/lib/jsch-0.1.51.jar
7fb7b24bc000-7fb7b2518000 r--s 00586000 00:27 4354005                    /home/xander/.gradle/wrapper/dists/gradle-1.12-all/2apkk7d25miauqf1pdjp1bm0uo/gradle-1.12/lib/groovy-all-1.8.6.jar
7fb7b2518000-7fb7b253f000 r--s 001c3000 00:27 4354004                    /home/xander/.gradle/wrapper/dists/gradle-1.12-all/2apkk7d25miauqf1pdjp1bm0uo/gradle-1.12/lib/guava-jdk5-14.0.1.jar
7fb7b253f000-7fb7b255e000 r--s 001cc000 00:27 4354009                    /home/xander/.gradle/wrapper/dists/gradle-1.12-all/2apkk7d25miauqf1pdjp1bm0uo/gradle-1.12/lib/ant-1.9.3.jar
7fb7b255e000-7fb7b258e000 r--s 00191000 00:27 4353998                    /home/xander/.gradle/wrapper/dists/gradle-1.12-all/2apkk7d25miauqf1pdjp1bm0uo/gradle-1.12/lib/gradle-core-1.12.jar
7fb7b258e000-7fb7b259e000 r-xp 00000000 00:11 4931950                    /usr/lib/jvm/java-7-oracle/jre/lib/amd64/libnio.so
7fb7b259e000-7fb7b279e000 ---p 00010000 00:11 4931950                    /usr/lib/jvm/java-7-oracle/jre/lib/amd64/libnio.so
7fb7b279e000-7fb7b279f000 rw-p 00010000 00:11 4931950                    /usr/lib/jvm/java-7-oracle/jre/lib/amd64/libnio.so
7fb7b279f000-7fb7b27b5000 r-xp 00000000 00:11 4931910                    /usr/lib/jvm/java-7-oracle/jre/lib/amd64/libnet.so
7fb7b27b5000-7fb7b29b5000 ---p 00016000 00:11 4931910                    /usr/lib/jvm/java-7-oracle/jre/lib/amd64/libnet.so
7fb7b29b5000-7fb7b29b6000 rw-p 00016000 00:11 4931910                    /usr/lib/jvm/java-7-oracle/jre/lib/amd64/libnet.so
7fb7b29b6000-7fb7b29b7000 ---p 00000000 00:00 0 
7fb7b29b7000-7fb7b2ab7000 rw-p 00000000 00:00 0                          [stack:31497]
7fb7b2ab7000-7fb7b2aba000 ---p 00000000 00:00 0 
7fb7b2aba000-7fb7b2bb8000 rw-p 00000000 00:00 0                          [stack:31496]
7fb7b2bb8000-7fb7b2bbb000 ---p 00000000 00:00 0 
7fb7b2bbb000-7fb7b2cb9000 rw-p 00000000 00:00 0                          [stack:31495]
7fb7b2cb9000-7fb7b2cbc000 ---p 00000000 00:00 0 
7fb7b2cbc000-7fb7b2dba000 rw-p 00000000 00:00 0                          [stack:31494]
7fb7b2dba000-7fb7b2dbd000 ---p 00000000 00:00 0 
7fb7b2dbd000-7fb7b2ebb000 rw-p 00000000 00:00 0                          [stack:31493]
7fb7b2ebb000-7fb7b3424000 r--p 00000000 00:11 419362                     /usr/lib/locale/locale-archive
7fb7b3424000-7fb7b3427000 ---p 00000000 00:00 0 
7fb7b3427000-7fb7b3525000 rw-p 00000000 00:00 0                          [stack:31492]
7fb7b3525000-7fb7b3528000 ---p 00000000 00:00 0 
7fb7b3528000-7fb7b3626000 rw-p 00000000 00:00 0                          [stack:31491]
7fb7b3626000-7fb7b3627000 ---p 00000000 00:00 0 
7fb7b3627000-7fb7b8000000 rw-p 00000000 00:00 0                          [stack:31490]
7fb7b8000000-7fb7b8021000 rw-p 00000000 00:00 0 
7fb7b8021000-7fb7bc000000 ---p 00000000 00:00 0 
7fb7bc000000-7fb7bc021000 rw-p 00000000 00:00 0 
7fb7bc021000-7fb7c0000000 ---p 00000000 00:00 0 
7fb7c0000000-7fb7c0021000 rw-p 00000000 00:00 0 
7fb7c0021000-7fb7c4000000 ---p 00000000 00:00 0 
7fb7c4000000-7fb7c4021000 rw-p 00000000 00:00 0 
7fb7c4021000-7fb7c8000000 ---p 00000000 00:00 0 
7fb7c8000000-7fb7c8021000 rw-p 00000000 00:00 0 
7fb7c8021000-7fb7cc000000 ---p 00000000 00:00 0 
7fb7cc000000-7fb7cc021000 rw-p 00000000 00:00 0 
7fb7cc021000-7fb7d0000000 ---p 00000000 00:00 0 
7fb7d0000000-7fb7d0021000 rw-p 00000000 00:00 0 
7fb7d0021000-7fb7d4000000 ---p 00000000 00:00 0 
7fb7d4000000-7fb7d4021000 rw-p 00000000 00:00 0 
7fb7d4021000-7fb7d8000000 ---p 00000000 00:00 0 
7fb7d8000000-7fb7d8001000 r--s 00001000 00:27 4354036                    /home/xander/.gradle/wrapper/dists/gradle-1.12-all/2apkk7d25miauqf1pdjp1bm0uo/gradle-1.12/lib/bintray-client-java-api-0.1.0.jar
7fb7d8001000-7fb7d8003000 r--s 00003000 00:27 4354025                    /home/xander/.gradle/wrapper/dists/gradle-1.12-all/2apkk7d25miauqf1pdjp1bm0uo/gradle-1.12/lib/jcl-over-slf4j-1.7.5.jar
7fb7d8003000-7fb7d8005000 r--s 00004000 00:27 4354024                    /home/xander/.gradle/wrapper/dists/gradle-1.12-all/2apkk7d25miauqf1pdjp1bm0uo/gradle-1.12/lib/log4j-over-slf4j-1.7.5.jar
7fb7d8005000-7fb7d800e000 r--s 00060000 00:27 4354021                    /home/xander/.gradle/wrapper/dists/gradle-1.12-all/2apkk7d25miauqf1pdjp1bm0uo/gradle-1.12/lib/httpclient-4.2.2.jar
7fb7d800e000-7fb7d8011000 r--s 0001b000 00:27 4354018                    /home/xander/.gradle/wrapper/dists/gradle-1.12-all/2apkk7d25miauqf1pdjp1bm0uo/gradle-1.12/lib/jarjar-1.3.jar
7fb7d8011000-7fb7d801b000 r--s 0005d000 00:27 4354014                    /home/xander/.gradle/wrapper/dists/gradle-1.12-all/2apkk7d25miauqf1pdjp1bm0uo/gradle-1.12/lib/logback-core-1.0.13.jar
7fb7d801b000-7fb7d9000000 rw-p 00000000 00:00 0 
7fb7d9000000-7fb7d92c0000 rwxp 00000000 00:00 0 
7fb7d92c0000-7fb7dd511000 rw-p 00000000 00:00 0 
7fb7dd511000-7fb7e0000000 ---p 00000000 00:00 0 
7fb7e0000000-7fb7e0001000 r--s 00009000 00:27 4354020                    /home/xander/.gradle/wrapper/dists/gradle-1.12-all/2apkk7d25miauqf1pdjp1bm0uo/gradle-1.12/lib/bintray-client-java-impl-0.1.0.jar
7fb7e0001000-7fb7e0002000 r--s 00000000 00:27 4354019                    /home/xander/.gradle/wrapper/dists/gradle-1.12-all/2apkk7d25miauqf1pdjp1bm0uo/gradle-1.12/lib/javax.inject-1.jar
7fb7e0002000-7fb7e0008000 r--s 0003b000 00:27 4354015                    /home/xander/.gradle/wrapper/dists/gradle-1.12-all/2apkk7d25miauqf1pdjp1bm0uo/gradle-1.12/lib/logback-classic-1.0.13.jar
7fb7e0008000-7fb7e0017000 r--s 000d9000 00:27 4354013                    /home/xander/.gradle/wrapper/dists/gradle-1.12-all/2apkk7d25miauqf1pdjp1bm0uo/gradle-1.12/lib/ivy-2.2.0.jar
7fb7e0017000-7fb7e001c000 r--s 00041000 00:27 4354012                    /home/xander/.gradle/wrapper/dists/gradle-1.12-all/2apkk7d25miauqf1pdjp1bm0uo/gradle-1.12/lib/commons-lang-2.6.jar
7fb7e001c000-7fb7e03ee000 rw-p 00000000 00:00 0 
7fb7e03ee000-7fb7e05ae000 r--s 039ea000 00:11 4932080                    /usr/lib/jvm/java-7-oracle/jre/lib/rt.jar
7fb7e05ae000-7fb7e0acc000 rw-p 00000000 00:00 0 
7fb7e0acc000-7fb7e0acd000 ---p 00000000 00:00 0 
7fb7e0acd000-7fb7e0bcd000 rw-p 00000000 00:00 0                          [stack:31489]
7fb7e0bcd000-7fb7e0bce000 ---p 00000000 00:00 0 
7fb7e0bce000-7fb7e0cce000 rw-p 00000000 00:00 0                          [stack:31488]
7fb7e0cce000-7fb7e0ccf000 ---p 00000000 00:00 0 
7fb7e0ccf000-7fb7e0dcf000 rw-p 00000000 00:00 0                          [stack:31487]
7fb7e0dcf000-7fb7e0dd0000 ---p 00000000 00:00 0 
7fb7e0dd0000-7fb7e0ed0000 rw-p 00000000 00:00 0                          [stack:31486]
7fb7e0ed0000-7fb7e0ed1000 ---p 00000000 00:00 0 
7fb7e0ed1000-7fb7e0fd1000 rw-p 00000000 00:00 0                          [stack:31485]
7fb7e0fd1000-7fb7e0fd2000 ---p 00000000 00:00 0 
7fb7e0fd2000-7fb7e10d2000 rw-p 00000000 00:00 0                          [stack:31484]
7fb7e10d2000-7fb7e10d3000 ---p 00000000 00:00 0 
7fb7e10d3000-7fb7e11d3000 rw-p 00000000 00:00 0                          [stack:31483]
7fb7e11d3000-7fb7e11d4000 ---p 00000000 00:00 0 
7fb7e11d4000-7fb7e12e3000 rw-p 00000000 00:00 0                          [stack:31482]
7fb7e12e3000-7fb7e12fd000 rw-p 00000000 00:00 0 
7fb7e12fd000-7fb7e1326000 rw-p 00000000 00:00 0 
7fb7e1326000-7fb7e158b000 rw-p 00000000 00:00 0 
7fb7e158b000-7fb7e159a000 rw-p 00000000 00:00 0 
7fb7e159a000-7fb7e15b4000 rw-p 00000000 00:00 0 
7fb7e15b4000-7fb7e15dd000 rw-p 00000000 00:00 0 
7fb7e15dd000-7fb7e1841000 rw-p 00000000 00:00 0 
7fb7e1841000-7fb7e188f000 rw-p 00000000 00:00 0 
7fb7e188f000-7fb7e1988000 rw-p 00000000 00:00 0 
7fb7e1988000-7fb7e1989000 rw-p 00000000 00:00 0 
7fb7e1989000-7fb7e19a3000 r-xp 00000000 00:11 4931964                    /usr/lib/jvm/java-7-oracle/jre/lib/amd64/libzip.so
7fb7e19a3000-7fb7e1ba3000 ---p 0001a000 00:11 4931964                    /usr/lib/jvm/java-7-oracle/jre/lib/amd64/libzip.so
7fb7e1ba3000-7fb7e1ba4000 rw-p 0001a000 00:11 4931964                    /usr/lib/jvm/java-7-oracle/jre/lib/amd64/libzip.so
7fb7e1ba4000-7fb7e1baf000 r-xp 00000000 00:11 2479050                    /lib/x86_64-linux-gnu/libnss_files-2.19.so
7fb7e1baf000-7fb7e1dae000 ---p 0000b000 00:11 2479050                    /lib/x86_64-linux-gnu/libnss_files-2.19.so
7fb7e1dae000-7fb7e1daf000 r--p 0000a000 00:11 2479050                    /lib/x86_64-linux-gnu/libnss_files-2.19.so
7fb7e1daf000-7fb7e1db0000 rw-p 0000b000 00:11 2479050                    /lib/x86_64-linux-gnu/libnss_files-2.19.so
7fb7e1db0000-7fb7e1dbb000 r-xp 00000000 00:11 2479051                    /lib/x86_64-linux-gnu/libnss_nis-2.19.so
7fb7e1dbb000-7fb7e1fba000 ---p 0000b000 00:11 2479051                    /lib/x86_64-linux-gnu/libnss_nis-2.19.so
7fb7e1fba000-7fb7e1fbb000 r--p 0000a000 00:11 2479051                    /lib/x86_64-linux-gnu/libnss_nis-2.19.so
7fb7e1fbb000-7fb7e1fbc000 rw-p 0000b000 00:11 2479051                    /lib/x86_64-linux-gnu/libnss_nis-2.19.so
7fb7e1fbc000-7fb7e1fd3000 r-xp 00000000 00:11 2479037                    /lib/x86_64-linux-gnu/libnsl-2.19.so
7fb7e1fd3000-7fb7e21d2000 ---p 00017000 00:11 2479037                    /lib/x86_64-linux-gnu/libnsl-2.19.so
7fb7e21d2000-7fb7e21d3000 r--p 00016000 00:11 2479037                    /lib/x86_64-linux-gnu/libnsl-2.19.so
7fb7e21d3000-7fb7e21d4000 rw-p 00017000 00:11 2479037                    /lib/x86_64-linux-gnu/libnsl-2.19.so
7fb7e21d4000-7fb7e21d6000 rw-p 00000000 00:00 0 
7fb7e21d6000-7fb7e21df000 r-xp 00000000 00:11 2479034                    /lib/x86_64-linux-gnu/libnss_compat-2.19.so
7fb7e21df000-7fb7e23de000 ---p 00009000 00:11 2479034                    /lib/x86_64-linux-gnu/libnss_compat-2.19.so
7fb7e23de000-7fb7e23df000 r--p 00008000 00:11 2479034                    /lib/x86_64-linux-gnu/libnss_compat-2.19.so
7fb7e23df000-7fb7e23e0000 rw-p 00009000 00:11 2479034                    /lib/x86_64-linux-gnu/libnss_compat-2.19.so
7fb7e23e0000-7fb7e2409000 r-xp 00000000 00:11 4931947                    /usr/lib/jvm/java-7-oracle/jre/lib/amd64/libjava.so
7fb7e2409000-7fb7e2609000 ---p 00029000 00:11 4931947                    /usr/lib/jvm/java-7-oracle/jre/lib/amd64/libjava.so
7fb7e2609000-7fb7e260b000 rw-p 00029000 00:11 4931947                    /usr/lib/jvm/java-7-oracle/jre/lib/amd64/libjava.so
7fb7e260b000-7fb7e2618000 r-xp 00000000 00:11 4931909                    /usr/lib/jvm/java-7-oracle/jre/lib/amd64/libverify.so
7fb7e2618000-7fb7e2817000 ---p 0000d000 00:11 4931909                    /usr/lib/jvm/java-7-oracle/jre/lib/amd64/libverify.so
7fb7e2817000-7fb7e2819000 rw-p 0000c000 00:11 4931909                    /usr/lib/jvm/java-7-oracle/jre/lib/amd64/libverify.so
7fb7e2819000-7fb7e2820000 r-xp 00000000 00:11 2479039                    /lib/x86_64-linux-gnu/librt-2.19.so
7fb7e2820000-7fb7e2a1f000 ---p 00007000 00:11 2479039                    /lib/x86_64-linux-gnu/librt-2.19.so
7fb7e2a1f000-7fb7e2a20000 r--p 00006000 00:11 2479039                    /lib/x86_64-linux-gnu/librt-2.19.so
7fb7e2a20000-7fb7e2a21000 rw-p 00007000 00:11 2479039                    /lib/x86_64-linux-gnu/librt-2.19.so
7fb7e2a21000-7fb7e2b26000 r-xp 00000000 00:11 2479046                    /lib/x86_64-linux-gnu/libm-2.19.so
7fb7e2b26000-7fb7e2d25000 ---p 00105000 00:11 2479046                    /lib/x86_64-linux-gnu/libm-2.19.so
7fb7e2d25000-7fb7e2d26000 r--p 00104000 00:11 2479046                    /lib/x86_64-linux-gnu/libm-2.19.so
7fb7e2d26000-7fb7e2d27000 rw-p 00105000 00:11 2479046                    /lib/x86_64-linux-gnu/libm-2.19.so
7fb7e2d27000-7fb7e389a000 r-xp 00000000 00:11 4931923                    /usr/lib/jvm/java-7-oracle/jre/lib/amd64/server/libjvm.so
7fb7e389a000-7fb7e3a99000 ---p 00b73000 00:11 4931923                    /usr/lib/jvm/java-7-oracle/jre/lib/amd64/server/libjvm.so
7fb7e3a99000-7fb7e3b5d000 rw-p 00b72000 00:11 4931923                    /usr/lib/jvm/java-7-oracle/jre/lib/amd64/server/libjvm.so
7fb7e3b5d000-7fb7e3b9e000 rw-p 00000000 00:00 0 
7fb7e3b9e000-7fb7e3d59000 r-xp 00000000 00:11 2479043                    /lib/x86_64-linux-gnu/libc-2.19.so
7fb7e3d59000-7fb7e3f59000 ---p 001bb000 00:11 2479043                    /lib/x86_64-linux-gnu/libc-2.19.so
7fb7e3f59000-7fb7e3f5d000 r--p 001bb000 00:11 2479043                    /lib/x86_64-linux-gnu/libc-2.19.so
7fb7e3f5d000-7fb7e3f5f000 rw-p 001bf000 00:11 2479043                    /lib/x86_64-linux-gnu/libc-2.19.so
7fb7e3f5f000-7fb7e3f64000 rw-p 00000000 00:00 0 
7fb7e3f64000-7fb7e3f67000 r-xp 00000000 00:11 2479055                    /lib/x86_64-linux-gnu/libdl-2.19.so
7fb7e3f67000-7fb7e4166000 ---p 00003000 00:11 2479055                    /lib/x86_64-linux-gnu/libdl-2.19.so
7fb7e4166000-7fb7e4167000 r--p 00002000 00:11 2479055                    /lib/x86_64-linux-gnu/libdl-2.19.so
7fb7e4167000-7fb7e4168000 rw-p 00003000 00:11 2479055                    /lib/x86_64-linux-gnu/libdl-2.19.so
7fb7e4168000-7fb7e417e000 r-xp 00000000 00:11 4930097                    /usr/lib/jvm/java-7-oracle/lib/amd64/jli/libjli.so
7fb7e417e000-7fb7e437e000 ---p 00016000 00:11 4930097                    /usr/lib/jvm/java-7-oracle/lib/amd64/jli/libjli.so
7fb7e437e000-7fb7e437f000 rw-p 00016000 00:11 4930097                    /usr/lib/jvm/java-7-oracle/lib/amd64/jli/libjli.so
7fb7e437f000-7fb7e4398000 r-xp 00000000 00:11 2479056                    /lib/x86_64-linux-gnu/libpthread-2.19.so
7fb7e4398000-7fb7e4597000 ---p 00019000 00:11 2479056                    /lib/x86_64-linux-gnu/libpthread-2.19.so
7fb7e4597000-7fb7e4598000 r--p 00018000 00:11 2479056                    /lib/x86_64-linux-gnu/libpthread-2.19.so
7fb7e4598000-7fb7e4599000 rw-p 00019000 00:11 2479056                    /lib/x86_64-linux-gnu/libpthread-2.19.so
7fb7e4599000-7fb7e459d000 rw-p 00000000 00:00 0 
7fb7e459d000-7fb7e45c0000 r-xp 00000000 00:11 2479044                    /lib/x86_64-linux-gnu/ld-2.19.so
7fb7e45c0000-7fb7e45c3000 r--s 00018000 00:27 4354011                    /home/xander/.gradle/wrapper/dists/gradle-1.12-all/2apkk7d25miauqf1pdjp1bm0uo/gradle-1.12/lib/commons-io-1.4.jar
7fb7e45c3000-7fb7e45d1000 r--s 0007f000 00:27 4354010                    /home/xander/.gradle/wrapper/dists/gradle-1.12-all/2apkk7d25miauqf1pdjp1bm0uo/gradle-1.12/lib/commons-collections-3.2.1.jar
7fb7e45d1000-7fb7e45dc000 rw-p 00000000 00:00 0 
7fb7e45dc000-7fb7e4691000 rw-p 00000000 00:00 0 
7fb7e4691000-7fb7e4694000 ---p 00000000 00:00 0 
7fb7e4694000-7fb7e4796000 rw-p 00000000 00:00 0                          [stack:31481]
7fb7e4796000-7fb7e4797000 r--s 00001000 00:27 4354017                    /home/xander/.gradle/wrapper/dists/gradle-1.12-all/2apkk7d25miauqf1pdjp1bm0uo/gradle-1.12/lib/jul-to-slf4j-1.7.5.jar
7fb7e4797000-7fb7e4798000 r--s 00000000 00:27 4354016                    /home/xander/.gradle/wrapper/dists/gradle-1.12-all/2apkk7d25miauqf1pdjp1bm0uo/gradle-1.12/lib/jcip-annotations-1.0.jar
7fb7e4798000-7fb7e479d000 r--s 00035000 00:27 4354008                    /home/xander/.gradle/wrapper/dists/gradle-1.12-all/2apkk7d25miauqf1pdjp1bm0uo/gradle-1.12/lib/asm-all-5.0_BETA.jar
7fb7e479d000-7fb7e479f000 r--s 00005000 00:27 4354003                    /home/xander/.gradle/wrapper/dists/gradle-1.12-all/2apkk7d25miauqf1pdjp1bm0uo/gradle-1.12/lib/slf4j-api-1.7.5.jar
7fb7e479f000-7fb7e47a0000 r--s 00004000 00:27 4354033                    /home/xander/.gradle/wrapper/dists/gradle-1.12-all/2apkk7d25miauqf1pdjp1bm0uo/gradle-1.12/lib/ant-launcher-1.9.3.jar
7fb7e47a0000-7fb7e47a5000 r--s 00024000 00:27 4353997                    /home/xander/.gradle/wrapper/dists/gradle-1.12-all/2apkk7d25miauqf1pdjp1bm0uo/gradle-1.12/lib/gradle-base-services-1.12.jar
7fb7e47a5000-7fb7e47ac000 r--s 00037000 00:27 4353995                    /home/xander/.gradle/wrapper/dists/gradle-1.12-all/2apkk7d25miauqf1pdjp1bm0uo/gradle-1.12/lib/gradle-launcher-1.12.jar
7fb7e47ac000-7fb7e47b1000 r--s 0008a000 00:11 4932093                    /usr/lib/jvm/java-7-oracle/jre/lib/jsse.jar
7fb7e47b1000-7fb7e47b3000 r--s 0000b000 00:27 5152151                    /home/xander/android_workspace/projects/HelpLudogorets/gradle/wrapper/gradle-wrapper.jar
7fb7e47b3000-7fb7e47bb000 rw-s 00000000 00:11 5153463                    /tmp/hsperfdata_xander/31474
7fb7e47bb000-7fb7e47bc000 rw-p 00000000 00:00 0 
7fb7e47bc000-7fb7e47bd000 ---p 00000000 00:00 0 
7fb7e47bd000-7fb7e47bf000 rw-p 00000000 00:00 0 
7fb7e47bf000-7fb7e47c0000 r--p 00022000 00:11 2479044                    /lib/x86_64-linux-gnu/ld-2.19.so
7fb7e47c0000-7fb7e47c1000 rw-p 00023000 00:11 2479044                    /lib/x86_64-linux-gnu/ld-2.19.so
7fb7e47c1000-7fb7e47c2000 rw-p 00000000 00:00 0 
7fffa4644000-7fffa4666000 rw-p 00000000 00:00 0                          [stack]
7fffa46a8000-7fffa46aa000 r-xp 00000000 00:00 0                          [vdso]
ffffffffff600000-ffffffffff601000 r-xp 00000000 00:00 0                  [vsyscall]

VM Arguments:
jvm_args: -Dorg.gradle.appname=gradlew 
java_command: org.gradle.wrapper.GradleWrapperMain build
Launcher Type: SUN_STANDARD

Environment Variables:
JAVA_HOME=/usr/lib/jvm/java-7-oracle
PATH=/home/xander/android_workspace/adt-bundle-linux-x86_64-2013103/sdk/platform-tools:/home/xander/android_workspace/adt-bundle-linux-x86_64-2013103/sdk/tools:/usr/local/sbin:/usr/local/bin:/usr/sbin:/usr/bin:/sbin:/bin:/usr/games:/usr/local/games:/usr/lib/jvm/java-7-oracle/bin:/usr/lib/jvm/java-7-oracle/db/bin:/usr/lib/jvm/java-7-oracle/jre/bin:/home/xander/NVPACK/android-sdk-linux/platform-tools:/home/xander/NVPACK/android-sdk-linux/tools:/home/xander/NVPACK/apache-ant-1.8.2/bin:/home/xander/NVPACK/android-sdk-linux/platform-tools:/home/xander/NVPACK/android-sdk-linux/tools:/home/xander/NVPACK/apache-ant-1.8.2/bin:/home/xander/android_workspace/android-studio/sdk/platform-tools
USERNAME=xander
LD_LIBRARY_PATH=/usr/lib32
SHELL=/bin/bash
DISPLAY=:0.0

Signal Handlers:
SIGSEGV: [libjvm.so+0x9a1a10], sa_mask[0]=0x7ffbfeff, sa_flags=0x10000004
SIGBUS: [libjvm.so+0x9a1a10], sa_mask[0]=0x7ffbfeff, sa_flags=0x10000004
SIGFPE: [libjvm.so+0x81bae0], sa_mask[0]=0x7ffbfeff, sa_flags=0x10000004
SIGPIPE: [libjvm.so+0x81bae0], sa_mask[0]=0x7ffbfeff, sa_flags=0x10000004
SIGXFSZ: [libjvm.so+0x81bae0], sa_mask[0]=0x7ffbfeff, sa_flags=0x10000004
SIGILL: [libjvm.so+0x81bae0], sa_mask[0]=0x7ffbfeff, sa_flags=0x10000004
SIGUSR1: SIG_DFL, sa_mask[0]=0x00000000, sa_flags=0x00000000
SIGUSR2: [libjvm.so+0x81d2e0], sa_mask[0]=0x00000200, sa_flags=0x10000004
SIGHUP: [libjvm.so+0x81e400], sa_mask[0]=0x7ffbfeff, sa_flags=0x10000004
SIGINT: [libjvm.so+0x81e400], sa_mask[0]=0x7ffbfeff, sa_flags=0x10000004
SIGTERM: [libjvm.so+0x81e400], sa_mask[0]=0x7ffbfeff, sa_flags=0x10000004
SIGQUIT: [libjvm.so+0x81e400], sa_mask[0]=0x7ffbfeff, sa_flags=0x10000004


---------------  S Y S T E M  ---------------

OS:jessie/sid

uname:Linux 3.13.0-24-generic #47-Ubuntu SMP Fri May 2 23:30:00 UTC 2014 x86_64
libc:glibc 2.19 NPTL 2.19 
rlimit: STACK 8192k, CORE 0k, NPROC 62466, NOFILE 4096, AS infinity
load average:3,09 2,34 1,80

/proc/meminfo:
MemTotal:        8023792 kB
MemFree:          104600 kB
Buffers:               8 kB
Cached:           142124 kB
SwapCached:            0 kB
Active:          6640204 kB
Inactive:         115072 kB
Active(anon):    6617036 kB
Inactive(anon):    85084 kB
Active(file):      23168 kB
Inactive(file):    29988 kB
Unevictable:       39088 kB
Mlocked:           39088 kB
SwapTotal:             0 kB
SwapFree:              0 kB
Dirty:              1996 kB
Writeback:             0 kB
AnonPages:       6654244 kB
Mapped:           275928 kB
Shmem:             87100 kB
Slab:             163964 kB
SReclaimable:      65316 kB
SUnreclaim:        98648 kB
KernelStack:        9720 kB
PageTables:        84668 kB
NFS_Unstable:          0 kB
Bounce:                0 kB
WritebackTmp:          0 kB
CommitLimit:     4011896 kB
Committed_AS:   15536788 kB
VmallocTotal:   34359738367 kB
VmallocUsed:      578292 kB
VmallocChunk:   34359147464 kB
HardwareCorrupted:     0 kB
AnonHugePages:    681984 kB
HugePages_Total:       0
HugePages_Free:        0
HugePages_Rsvd:        0
HugePages_Surp:        0
Hugepagesize:       2048 kB
DirectMap4k:     2608080 kB
DirectMap2M:     5625856 kB


CPU:total 8 (4 cores per cpu, 2 threads per core) family 6 model 58 stepping 9, cmov, cx8, fxsr, mmx, sse, sse2, sse3, ssse3, sse4.1, sse4.2, popcnt, avx, aes, erms, ht, tsc, tscinvbit, tscinv

/proc/cpuinfo:
processor	: 0
vendor_id	: GenuineIntel
cpu family	: 6
model		: 58
model name	: Intel(R) Core(TM) i7-3632QM CPU @ 2.20GHz
stepping	: 9
microcode	: 0x16
cpu MHz		: 2201.000
cache size	: 6144 KB
physical id	: 0
siblings	: 8
core id		: 0
cpu cores	: 4
apicid		: 0
initial apicid	: 0
fpu		: yes
fpu_exception	: yes
cpuid level	: 13
wp		: yes
flags		: fpu vme de pse tsc msr pae mce cx8 apic sep mtrr pge mca cmov pat pse36 clflush dts acpi mmx fxsr sse sse2 ss ht tm pbe syscall nx rdtscp lm constant_tsc arch_perfmon pebs bts rep_good nopl xtopology nonstop_tsc aperfmperf eagerfpu pni pclmulqdq dtes64 monitor ds_cpl vmx est tm2 ssse3 cx16 xtpr pdcm pcid sse4_1 sse4_2 x2apic popcnt tsc_deadline_timer aes xsave avx f16c rdrand lahf_lm ida arat epb xsaveopt pln pts dtherm tpr_shadow vnmi flexpriority ept vpid fsgsbase smep erms
bogomips	: 4390.29
clflush size	: 64
cache_alignment	: 64
address sizes	: 36 bits physical, 48 bits virtual
power management:

processor	: 1
vendor_id	: GenuineIntel
cpu family	: 6
model		: 58
model name	: Intel(R) Core(TM) i7-3632QM CPU @ 2.20GHz
stepping	: 9
microcode	: 0x16
cpu MHz		: 1200.000
cache size	: 6144 KB
physical id	: 0
siblings	: 8
core id		: 0
cpu cores	: 4
apicid		: 1
initial apicid	: 1
fpu		: yes
fpu_exception	: yes
cpuid level	: 13
wp		: yes
flags		: fpu vme de pse tsc msr pae mce cx8 apic sep mtrr pge mca cmov pat pse36 clflush dts acpi mmx fxsr sse sse2 ss ht tm pbe syscall nx rdtscp lm constant_tsc arch_perfmon pebs bts rep_good nopl xtopology nonstop_tsc aperfmperf eagerfpu pni pclmulqdq dtes64 monitor ds_cpl vmx est tm2 ssse3 cx16 xtpr pdcm pcid sse4_1 sse4_2 x2apic popcnt tsc_deadline_timer aes xsave avx f16c rdrand lahf_lm ida arat epb xsaveopt pln pts dtherm tpr_shadow vnmi flexpriority ept vpid fsgsbase smep erms
bogomips	: 4390.29
clflush size	: 64
cache_alignment	: 64
address sizes	: 36 bits physical, 48 bits virtual
power management:

processor	: 2
vendor_id	: GenuineIntel
cpu family	: 6
model		: 58
model name	: Intel(R) Core(TM) i7-3632QM CPU @ 2.20GHz
stepping	: 9
microcode	: 0x16
cpu MHz		: 1200.000
cache size	: 6144 KB
physical id	: 0
siblings	: 8
core id		: 1
cpu cores	: 4
apicid		: 2
initial apicid	: 2
fpu		: yes
fpu_exception	: yes
cpuid level	: 13
wp		: yes
flags		: fpu vme de pse tsc msr pae mce cx8 apic sep mtrr pge mca cmov pat pse36 clflush dts acpi mmx fxsr sse sse2 ss ht tm pbe syscall nx rdtscp lm constant_tsc arch_perfmon pebs bts rep_good nopl xtopology nonstop_tsc aperfmperf eagerfpu pni pclmulqdq dtes64 monitor ds_cpl vmx est tm2 ssse3 cx16 xtpr pdcm pcid sse4_1 sse4_2 x2apic popcnt tsc_deadline_timer aes xsave avx f16c rdrand lahf_lm ida arat epb xsaveopt pln pts dtherm tpr_shadow vnmi flexpriority ept vpid fsgsbase smep erms
bogomips	: 4390.29
clflush size	: 64
cache_alignment	: 64
address sizes	: 36 bits physical, 48 bits virtual
power management:

processor	: 3
vendor_id	: GenuineIntel
cpu family	: 6
model		: 58
model name	: Intel(R) Core(TM) i7-3632QM CPU @ 2.20GHz
stepping	: 9
microcode	: 0x16
cpu MHz		: 1200.000
cache size	: 6144 KB
physical id	: 0
siblings	: 8
core id		: 1
cpu cores	: 4
apicid		: 3
initial apicid	: 3
fpu		: yes
fpu_exception	: yes
cpuid level	: 13
wp		: yes
flags		: fpu vme de pse tsc msr pae mce cx8 apic sep mtrr pge mca cmov pat pse36 clflush dts acpi mmx fxsr sse sse2 ss ht tm pbe syscall nx rdtscp lm constant_tsc arch_perfmon pebs bts rep_good nopl xtopology nonstop_tsc aperfmperf eagerfpu pni pclmulqdq dtes64 monitor ds_cpl vmx est tm2 ssse3 cx16 xtpr pdcm pcid sse4_1 sse4_2 x2apic popcnt tsc_deadline_timer aes xsave avx f16c rdrand lahf_lm ida arat epb xsaveopt pln pts dtherm tpr_shadow vnmi flexpriority ept vpid fsgsbase smep erms
bogomips	: 4390.29
clflush size	: 64
cache_alignment	: 64
address sizes	: 36 bits physical, 48 bits virtual
power management:

processor	: 4
vendor_id	: GenuineIntel
cpu family	: 6
model		: 58
model name	: Intel(R) Core(TM) i7-3632QM CPU @ 2.20GHz
stepping	: 9
microcode	: 0x16
cpu MHz		: 1200.000
cache size	: 6144 KB
physical id	: 0
siblings	: 8
core id		: 2
cpu cores	: 4
apicid		: 4
initial apicid	: 4
fpu		: yes
fpu_exception	: yes
cpuid level	: 13
wp		: yes
flags		: fpu vme de pse tsc msr pae mce cx8 apic sep mtrr pge mca cmov pat pse36 clflush dts acpi mmx fxsr sse sse2 ss ht tm pbe syscall nx rdtscp lm constant_tsc arch_perfmon pebs bts rep_good nopl xtopology nonstop_tsc aperfmperf eagerfpu pni pclmulqdq dtes64 monitor ds_cpl vmx est tm2 ssse3 cx16 xtpr pdcm pcid sse4_1 sse4_2 x2apic popcnt tsc_deadline_timer aes xsave avx f16c rdrand lahf_lm ida arat epb xsaveopt pln pts dtherm tpr_shadow vnmi flexpriority ept vpid fsgsbase smep erms
bogomips	: 4390.29
clflush size	: 64
cache_alignment	: 64
address sizes	: 36 bits physical, 48 bits virtual
power management:

processor	: 5
vendor_id	: GenuineIntel
cpu family	: 6
model		: 58
model name	: Intel(R) Core(TM) i7-3632QM CPU @ 2.20GHz
stepping	: 9
microcode	: 0x16
cpu MHz		: 2201.000
cache size	: 6144 KB
physical id	: 0
siblings	: 8
core id		: 2
cpu cores	: 4
apicid		: 5
initial apicid	: 5
fpu		: yes
fpu_exception	: yes
cpuid level	: 13
wp		: yes
flags		: fpu vme de pse tsc msr pae mce cx8 apic sep mtrr pge mca cmov pat pse36 clflush dts acpi mmx fxsr sse sse2 ss ht tm pbe syscall nx rdtscp lm constant_tsc arch_perfmon pebs bts rep_good nopl xtopology nonstop_tsc aperfmperf eagerfpu pni pclmulqdq dtes64 monitor ds_cpl vmx est tm2 ssse3 cx16 xtpr pdcm pcid sse4_1 sse4_2 x2apic popcnt tsc_deadline_timer aes xsave avx f16c rdrand lahf_lm ida arat epb xsaveopt pln pts dtherm tpr_shadow vnmi flexpriority ept vpid fsgsbase smep erms
bogomips	: 4390.29
clflush size	: 64
cache_alignment	: 64
address sizes	: 36 bits physical, 48 bits virtual
power management:

processor	: 6
vendor_id	: GenuineIntel
cpu family	: 6
model		: 58
model name	: Intel(R) Core(TM) i7-3632QM CPU @ 2.20GHz
stepping	: 9
microcode	: 0x16
cpu MHz		: 2201.000
cache size	: 6144 KB
physical id	: 0
siblings	: 8
core id		: 3
cpu cores	: 4
apicid		: 6
initial apicid	: 6
fpu		: yes
fpu_exception	: yes
cpuid level	: 13
wp		: yes
flags		: fpu vme de pse tsc msr pae mce cx8 apic sep mtrr pge mca cmov pat pse36 clflush dts acpi mmx fxsr sse sse2 ss ht tm pbe syscall nx rdtscp lm constant_tsc arch_perfmon pebs bts rep_good nopl xtopology nonstop_tsc aperfmperf eagerfpu pni pclmulqdq dtes64 monitor ds_cpl vmx est tm2 ssse3 cx16 xtpr pdcm pcid sse4_1 sse4_2 x2apic popcnt tsc_deadline_timer aes xsave avx f16c rdrand lahf_lm ida arat epb xsaveopt pln pts dtherm tpr_shadow vnmi flexpriority ept vpid fsgsbase smep erms
bogomips	: 4390.29
clflush size	: 64
cache_alignment	: 64
address sizes	: 36 bits physical, 48 bits virtual
power management:

processor	: 7
vendor_id	: GenuineIntel
cpu family	: 6
model		: 58
model name	: Intel(R) Core(TM) i7-3632QM CPU @ 2.20GHz
stepping	: 9
microcode	: 0x16
cpu MHz		: 2201.000
cache size	: 6144 KB
physical id	: 0
siblings	: 8
core id		: 3
cpu cores	: 4
apicid		: 7
initial apicid	: 7
fpu		: yes
fpu_exception	: yes
cpuid level	: 13
wp		: yes
flags		: fpu vme de pse tsc msr pae mce cx8 apic sep mtrr pge mca cmov pat pse36 clflush dts acpi mmx fxsr sse sse2 ss ht tm pbe syscall nx rdtscp lm constant_tsc arch_perfmon pebs bts rep_good nopl xtopology nonstop_tsc aperfmperf eagerfpu pni pclmulqdq dtes64 monitor ds_cpl vmx est tm2 ssse3 cx16 xtpr pdcm pcid sse4_1 sse4_2 x2apic popcnt tsc_deadline_timer aes xsave avx f16c rdrand lahf_lm ida arat epb xsaveopt pln pts dtherm tpr_shadow vnmi flexpriority ept vpid fsgsbase smep erms
bogomips	: 4390.29
clflush size	: 64
cache_alignment	: 64
address sizes	: 36 bits physical, 48 bits virtual
power management:



Memory: 4k page, physical 8023792k(104252k free), swap 0k(0k free)

vm_info: Java HotSpot(TM) 64-Bit Server VM (24.72-b04) for linux-amd64 JRE (1.7.0_72-b14), built on Sep 26 2014 18:20:41 by "java_re" with gcc 4.3.0 20080428 (Red Hat 4.3.0-8)

time: Sat Oct 18 16:27:02 2014
elapsed time: 7 seconds

